Warning[207] C:\USERS\USUARIOF\DESKTOP\CLASES\SEXTO CICLO\MICROPROCESADORES\PRACTICAS\CODIGOS\PR1\PARTE1\CODIGO.ASM 14 : Found label after column 1. (Contador1)
Warning[207] C:\USERS\USUARIOF\DESKTOP\CLASES\SEXTO CICLO\MICROPROCESADORES\PRACTICAS\CODIGOS\PR1\PARTE1\CODIGO.ASM 15 : Found label after column 1. (Contador2)
Warning[207] C:\USERS\USUARIOF\DESKTOP\CLASES\SEXTO CICLO\MICROPROCESADORES\PRACTICAS\CODIGOS\PR1\PARTE1\CODIGO.ASM 16 : Found label after column 1. (ContaDelay100)
Warning[207] C:\USERS\USUARIOF\DESKTOP\CLASES\SEXTO CICLO\MICROPROCESADORES\PRACTICAS\CODIGOS\PR1\PARTE1\CODIGO.ASM 17 : Found label after column 1. (Xveces)
Warning[207] C:\USERS\USUARIOF\DESKTOP\CLASES\SEXTO CICLO\MICROPROCESADORES\PRACTICAS\CODIGOS\PR1\PARTE1\CODIGO.ASM 18 : Found label after column 1. (NH)
Warning[207] C:\USERS\USUARIOF\DESKTOP\CLASES\SEXTO CICLO\MICROPROCESADORES\PRACTICAS\CODIGOS\PR1\PARTE1\CODIGO.ASM 19 : Found label after column 1. (NL)
Warning[207] C:\USERS\USUARIOF\DESKTOP\CLASES\SEXTO CICLO\MICROPROCESADORES\PRACTICAS\CODIGOS\PR1\PARTE1\CODIGO.ASM 20 : Found label after column 1. (ContadorInicio)
Warning[207] C:\USERS\USUARIOF\DESKTOP\CLASES\SEXTO CICLO\MICROPROCESADORES\PRACTICAS\CODIGOS\PR1\PARTE1\CODIGO.ASM 30 : Found label after column 1. (Inicio)
Warning[207] C:\USERS\USUARIOF\DESKTOP\CLASES\SEXTO CICLO\MICROPROCESADORES\PRACTICAS\CODIGOS\PR1\PARTE1\CODIGO.ASM 53 : Found label after column 1. (BucleInicio)
Warning[207] C:\USERS\USUARIOF\DESKTOP\CLASES\SEXTO CICLO\MICROPROCESADORES\PRACTICAS\CODIGOS\PR1\PARTE1\CODIGO.ASM 65 : Found label after column 1. (Reset_NH_NL)
Warning[207] C:\USERS\USUARIOF\DESKTOP\CLASES\SEXTO CICLO\MICROPROCESADORES\PRACTICAS\CODIGOS\PR1\PARTE1\CODIGO.ASM 72 : Found label after column 1. (EncuestaON)
Warning[207] C:\USERS\USUARIOF\DESKTOP\CLASES\SEXTO CICLO\MICROPROCESADORES\PRACTICAS\CODIGOS\PR1\PARTE1\CODIGO.ASM 77 : Found label after column 1. (Cortina)
Warning[207] C:\USERS\USUARIOF\DESKTOP\CLASES\SEXTO CICLO\MICROPROCESADORES\PRACTICAS\CODIGOS\PR1\PARTE1\CODIGO.ASM 95 : Found label after column 1. (Sigue)
Warning[207] C:\USERS\USUARIOF\DESKTOP\CLASES\SEXTO CICLO\MICROPROCESADORES\PRACTICAS\CODIGOS\PR1\PARTE1\CODIGO.ASM 100 : Found label after column 1. (Rota1)
Warning[207] C:\USERS\USUARIOF\DESKTOP\CLASES\SEXTO CICLO\MICROPROCESADORES\PRACTICAS\CODIGOS\PR1\PARTE1\CODIGO.ASM 105 : Found label after column 1. (Apagar_Todo)
Warning[207] C:\USERS\USUARIOF\DESKTOP\CLASES\SEXTO CICLO\MICROPROCESADORES\PRACTICAS\CODIGOS\PR1\PARTE1\CODIGO.ASM 108 : Found label after column 1. (Boton_S3)
Warning[207] C:\USERS\USUARIOF\DESKTOP\CLASES\SEXTO CICLO\MICROPROCESADORES\PRACTICAS\CODIGOS\PR1\PARTE1\CODIGO.ASM 117 : Found label after column 1. (DelayXms)
Warning[207] C:\USERS\USUARIOF\DESKTOP\CLASES\SEXTO CICLO\MICROPROCESADORES\PRACTICAS\CODIGOS\PR1\PARTE1\CODIGO.ASM 119 : Found label after column 1. (bucleVeces)
Warning[207] C:\USERS\USUARIOF\DESKTOP\CLASES\SEXTO CICLO\MICROPROCESADORES\PRACTICAS\CODIGOS\PR1\PARTE1\CODIGO.ASM 128 : Found label after column 1. (Delay100ms)
Warning[207] C:\USERS\USUARIOF\DESKTOP\CLASES\SEXTO CICLO\MICROPROCESADORES\PRACTICAS\CODIGOS\PR1\PARTE1\CODIGO.ASM 139 : Found label after column 1. (Delay1ms)
Warning[207] C:\USERS\USUARIOF\DESKTOP\CLASES\SEXTO CICLO\MICROPROCESADORES\PRACTICAS\CODIGOS\PR1\PARTE1\CODIGO.ASM 143 : Found label after column 1. (bucle1)
Warning[207] C:\USERS\USUARIOF\DESKTOP\CLASES\SEXTO CICLO\MICROPROCESADORES\PRACTICAS\CODIGOS\PR1\PARTE1\CODIGO.ASM 150 : Found label after column 1. (salir)
