

Microchip MPLAB XC8 Assembler V2.45 build 20230818022343 
                                                                                               Mon Jun 01 14:43:42 2026

Microchip MPLAB XC8 C Compiler v2.45 (Free license) build 20230818022343 Og1 
     1                           	processor	18F4550
     2                           	fnconf	rparam,??,?,0
     3                           	pagewidth 120
     4                           	opt	flic
     5                           	psect	idataCOMRAM,global,class=CODE,delta=1,noexec
     6                           	psect	smallconst,global,reloc=2,class=SMALLCONST,delta=1,noexec
     7                           	psect	cinit,global,reloc=2,class=CODE,delta=1
     8                           	psect	bssCOMRAM,global,class=COMRAM,space=1,delta=1,lowdata,noexec
     9                           	psect	dataCOMRAM,global,class=COMRAM,space=1,delta=1,lowdata,noexec
    10                           	psect	cstackCOMRAM,global,class=COMRAM,space=1,delta=1,lowdata,noexec
    11                           	psect	text0,global,reloc=2,class=CODE,delta=1
    12                           	psect	text1,global,reloc=2,class=CODE,delta=1
    13                           	psect	text2,global,reloc=2,class=CODE,delta=1
    14                           	psect	text3,global,reloc=2,class=CODE,delta=1
    15                           	psect	intcode,global,reloc=2,class=CODE,delta=1
    16                           	psect	intcode_body,global,reloc=2,class=CODE,delta=1
    17                           	psect	intsave_regs,global,class=BIGRAM,space=1,delta=1,noexec
    18                           	psect	rparam,global,class=COMRAM,space=1,delta=1,noexec
    19                           	psect	temp,global,ovrld,common,class=COMRAM,space=1,delta=1
    20                           	psect	idloc,global,abs,ovrld,class=IDLOC,space=5,delta=1,noexec
    21                           	psect	config,global,abs,ovrld,class=CONFIG,space=4,delta=1,noexec
    22   000000                     
    23                           ; Version 2.20
    24                           ; Generated 12/02/2020 GMT
    25                           ; 
    26                           ; Copyright © 2020, Microchip Technology Inc. and its subsidiaries ("Microchip")
    27                           ; All rights reserved.
    28                           ; 
    29                           ; This software is developed by Microchip Technology Inc. and its subsidiaries ("Microch
      +                          ip").
    30                           ; 
    31                           ; Redistribution and use in source and binary forms, with or without modification, are
    32                           ; permitted provided that the following conditions are met:
    33                           ; 
    34                           ;     1. Redistributions of source code must retain the above copyright notice, this lis
      +                          t of
    35                           ;        conditions and the following disclaimer.
    36                           ; 
    37                           ;     2. Redistributions in binary form must reproduce the above copyright notice, this 
      +                          list
    38                           ;        of conditions and the following disclaimer in the documentation and/or other
    39                           ;        materials provided with the distribution.
    40                           ; 
    41                           ;     3. Microchip's name may not be used to endorse or promote products derived from th
      +                          is
    42                           ;        software without specific prior written permission.
    43                           ; 
    44                           ; THIS SOFTWARE IS PROVIDED BY MICROCHIP "AS IS" AND ANY EXPRESS OR IMPLIED WARRANTIES,
    45                           ; INCLUDING, BUT NOT LIMITED TO, THE IMPLIED WARRANTIES OF MERCHANTABILITY AND FITNESS F
      +                          OR
    46                           ; PURPOSE ARE DISCLAIMED.  IN NO EVENT SHALL MICROCHIP BE LIABLE FOR ANY DIRECT, INDIREC
      +                          T,
    47                           ; INCIDENTAL, SPECIAL, EXEMPLARY, OR CONSEQUENTIAL DAMAGES (INCLUDING BUT NOT LIMITED TO
    48                           ; PROCUREMENT OF SUBSTITUTE GOODS OR SERVICES; LOSS OF USE, DATA OR PROFITS; OR BUSINESS
    49                           ; INTERRUPTION) HOWSOEVER CAUSED AND ON ANY THEORY OF LIABILITY, WHETHER IN CONTRACT, ST
      +                          RICT
    50                           ; LIABILITY, OR TORT (INCLUDING NEGLIGENCE OR OTHERWISE) ARISING IN ANY WAY OUT OF THE U
      +                          SE OF
    51                           ; THIS SOFTWARE, EVEN IF ADVISED OF THE POSSIBILITY OF SUCH DAMAGE.
    52                           ; 
    53                           ; 
    54                           ; Code-generator required, PIC18F4550 Definitions
    55                           ; 
    56                           ; SFR Addresses
    57   000000                     
    58                           	psect	idataCOMRAM
    59   000C68                     __pidataCOMRAM:
    60                           	callstack 0
    61                           
    62                           ;initializer for _visDisplay
    63   000C68  01                 	db	1
    64                           
    65                           	psect	smallconst
    66   000800                     __psmallconst:
    67                           	callstack 0
    68   000800  00                 	db	0
    69   000801                     _codigosLetras:
    70                           	callstack 0
    71   000801  EE                 	db	238
    72   000802  3E                 	db	62
    73   000803  9C                 	db	156
    74   000804  7A                 	db	122
    75   000805  9E                 	db	158
    76   000806  8E                 	db	142
    77   000807  BE                 	db	190
    78   000808  6E                 	db	110
    79   000809  2E                 	db	46
    80   00080A  60                 	db	96
    81   00080B  78                 	db	120
    82   00080C  1C                 	db	28
    83   00080D  2A                 	db	42
    84   00080E  3A                 	db	58
    85   00080F  CE                 	db	206
    86   000810  F6                 	db	246
    87   000811  0A                 	db	10
    88   000812  B6                 	db	182
    89   000813  1E                 	db	30
    90   000814  7C                 	db	124
    91   000815  38                 	db	56
    92   000816  76                 	db	118
    93   000817                     __end_of_codigosLetras:
    94                           	callstack 0
    95   000817                     _mensaje:
    96                           	callstack 0
    97   000817  78                 	db	120
    98   000818  EE                 	db	238
    99   000819  60                 	db	96
   100   00081A  2A                 	db	42
   101   00081B  2A                 	db	42
   102   00081C  9E                 	db	158
   103   00081D  00                 	db	0
   104   00081E  9C                 	db	156
   105   00081F  6E                 	db	110
   106   000820  60                 	db	96
   107   000821  E6                 	db	230
   108   000822  7C                 	db	124
   109   000823  60                 	db	96
   110   000824  00                 	db	0
   111   000825  00                 	db	0
   112   000826                     __end_of_mensaje:
   113                           	callstack 0
   114   000826                     _codigosNum:
   115                           	callstack 0
   116   000826  FC                 	db	252
   117   000827  60                 	db	96
   118   000828  DA                 	db	218
   119   000829  F2                 	db	242
   120   00082A  66                 	db	102
   121   00082B  B6                 	db	182
   122   00082C  BE                 	db	190
   123   00082D  E0                 	db	224
   124   00082E  FE                 	db	254
   125   00082F  F6                 	db	246
   126   000830                     __end_of_codigosNum:
   127                           	callstack 0
   128   000000                     _T0CONbits	set	4053
   129   000000                     _TRISC	set	3988
   130   000000                     _LATDbits	set	3980
   131   000000                     _UCONbits	set	3949
   132   000000                     _LATCbits	set	3979
   133   000000                     _TMR0L	set	4054
   134   000000                     _TMR0H	set	4055
   135   000000                     _INTCONbits	set	4082
   136   000000                     _INTCON2bits	set	4081
   137   000000                     _TRISCbits	set	3988
   138   000000                     _TRISD	set	3989
   139   000000                     _LATD	set	3980
   140   000000                     _UCFGbits	set	3951
   141   000000                     _PORTCbits	set	3970
   142   000000                     _RCONbits	set	4048
   143   000000                     _T0CON	set	4053
   144   000830  00                 	db	0	; dummy byte at the end
   145   000000                     
   146                           ; #config settings
   147                           
   148                           	psect	cinit
   149   000C12                     __pcinit:
   150                           	callstack 0
   151   000C12                     start_initialization:
   152                           	callstack 0
   153   000C12                     __initialization:
   154                           	callstack 0
   155                           
   156                           ; Initialize objects allocated to COMRAM (1 bytes)
   157                           ; load TBLPTR registers with __pidataCOMRAM
   158   000C12  0E68               	movlw	low __pidataCOMRAM
   159   000C14  6EF6               	movwf	tblptrl,c
   160   000C16  0E0C               	movlw	high __pidataCOMRAM
   161   000C18  6EF7               	movwf	tblptrh,c
   162   000C1A  0E00               	movlw	low (__pidataCOMRAM shr (0+16))
   163   000C1C  6EF8               	movwf	tblptru,c
   164   000C1E  0009               	tblrd		*+	;fetch initializer
   165   000C20  CFF5 F01B          	movff	tablat,__pdataCOMRAM
   166                           
   167                           ; Clear objects allocated to COMRAM (8 bytes)
   168   000C24  EE00  F013         	lfsr	0,__pbssCOMRAM
   169   000C28  0E08               	movlw	8
   170   000C2A                     clear_0:
   171   000C2A  6AEE               	clrf	postinc0,c
   172   000C2C  06E8               	decf	wreg,f,c
   173   000C2E  E1FD               	bnz	clear_0
   174   000C30                     end_of_initialization:
   175                           	callstack 0
   176   000C30                     __end_of__initialization:
   177                           	callstack 0
   178   000C30  901C               	bcf	int$flags,0,c	;clear compiler interrupt flag (level 1)
   179   000C32  921C               	bcf	int$flags,1,c	;clear compiler interrupt flag (level 2)
   180   000C34  0E00               	movlw	low (__Lmediumconst shr (0+16))
   181   000C36  6EF8               	movwf	tblptru,c
   182   000C38  0100               	movlb	0
   183   000C3A  EF19  F004         	goto	_main	;jump to C main() function
   184                           
   185                           	psect	bssCOMRAM
   186   000013                     __pbssCOMRAM:
   187                           	callstack 0
   188   000013                     _datos:
   189                           	callstack 0
   190   000013                     	ds	4
   191   000017                     _cntISR:
   192                           	callstack 0
   193   000017                     	ds	2
   194   000019                     _estadoScroll:
   195                           	callstack 0
   196   000019                     	ds	1
   197   00001A                     _multiplex:
   198                           	callstack 0
   199   00001A                     	ds	1
   200                           
   201                           	psect	dataCOMRAM
   202   00001B                     __pdataCOMRAM:
   203                           	callstack 0
   204   00001B                     _visDisplay:
   205                           	callstack 0
   206   00001B                     	ds	1
   207                           
   208                           	psect	cstackCOMRAM
   209   000001                     __pcstackCOMRAM:
   210                           	callstack 0
   211   000001                     ??_InterrupcionHP:
   212   000001                     
   213                           ; 1 bytes @ 0x0
   214   000001                     	ds	4
   215   000005                     Delay1ms@veces:
   216                           	callstack 0
   217   000005                     CargarVentana@pos:
   218                           	callstack 0
   219                           
   220                           ; 2 bytes @ 0x4
   221   000005                     	ds	2
   222   000007                     ??_CargarVentana:
   223   000007                     DelayXms@Milis:
   224                           	callstack 0
   225                           
   226                           ; 2 bytes @ 0x6
   227   000007                     	ds	2
   228   000009                     ??_DelayXms:
   229   000009                     CargarVentana@i:
   230                           	callstack 0
   231                           
   232                           ; 2 bytes @ 0x8
   233   000009                     	ds	1
   234   00000A                     DelayXms@i:
   235                           	callstack 0
   236                           
   237                           ; 2 bytes @ 0x9
   238   00000A                     	ds	2
   239   00000C                     ??_main:
   240                           
   241                           ; 1 bytes @ 0xB
   242   00000C                     	ds	1
   243   00000D                     main@velocidad:
   244                           	callstack 0
   245                           
   246                           ; 2 bytes @ 0xC
   247   00000D                     	ds	2
   248   00000F                     main@i:
   249                           	callstack 0
   250                           
   251                           ; 2 bytes @ 0xE
   252   00000F                     	ds	2
   253   000011                     main@posScroll:
   254                           	callstack 0
   255                           
   256                           ; 2 bytes @ 0x10
   257   000011                     	ds	2
   258                           
   259 ;;
   260 ;;Main: autosize = 0, tempsize = 1, incstack = 0, save=0
   261 ;;
   262 ;; *************** function _main *****************
   263 ;; Defined at:
   264 ;;		line 251 in file "Pr3_Codigo_Parte3.c"
   265 ;; Parameters:    Size  Location     Type
   266 ;;		None
   267 ;; Auto vars:     Size  Location     Type
   268 ;;  i               2   14[COMRAM] int 
   269 ;;  posScroll       2   16[COMRAM] int 
   270 ;;  velocidad       2   12[COMRAM] int 
   271 ;;  tickScroll      2    0        int 
   272 ;; Return value:  Size  Location     Type
   273 ;;                  1    wreg      void 
   274 ;; Registers used:
   275 ;;		wreg, fsr2l, fsr2h, status,2, status,0, tblptrl, tblptrh, tblptru, cstack
   276 ;; Tracked objects:
   277 ;;		On entry : 0/0
   278 ;;		On exit  : 0/0
   279 ;;		Unchanged: 0/0
   280 ;; Data sizes:     COMRAM   BANK0   BANK1   BANK2   BANK3   BANK4   BANK5   BANK6   BANK7
   281 ;;      Params:         0       0       0       0       0       0       0       0       0
   282 ;;      Locals:         6       0       0       0       0       0       0       0       0
   283 ;;      Temps:          1       0       0       0       0       0       0       0       0
   284 ;;      Totals:         7       0       0       0       0       0       0       0       0
   285 ;;Total ram usage:        7 bytes
   286 ;; Hardware stack levels required when called: 3
   287 ;; This function calls:
   288 ;;		_CargarVentana
   289 ;;		_DelayXms
   290 ;; This function is called by:
   291 ;;		Startup code after reset
   292 ;; This function uses a non-reentrant model
   293 ;;
   294                           
   295                           	psect	text0
   296   000832                     __ptext0:
   297                           	callstack 0
   298   000832                     _main:
   299                           	callstack 28
   300   000832                     
   301                           ;Pr3_Codigo_Parte3.c: 252:     int posScroll = 0;
   302   000832  0E00               	movlw	0
   303   000834  6E12               	movwf	(main@posScroll+1)^0,c
   304   000836  0E00               	movlw	0
   305   000838  6E11               	movwf	main@posScroll^0,c
   306                           
   307                           ;Pr3_Codigo_Parte3.c: 256:     int velocidad = 120;
   308   00083A  0E00               	movlw	0
   309   00083C  6E0E               	movwf	(main@velocidad+1)^0,c
   310   00083E  0E78               	movlw	120
   311   000840  6E0D               	movwf	main@velocidad^0,c
   312   000842                     
   313                           ;Pr3_Codigo_Parte3.c: 259:     UCONbits.USBEN = 0;
   314   000842  966D               	bcf	109,3,c	;volatile
   315   000844                     
   316                           ;Pr3_Codigo_Parte3.c: 260:     UCFGbits.UTRDIS = 1;
   317   000844  866F               	bsf	111,3,c	;volatile
   318                           
   319                           ;Pr3_Codigo_Parte3.c: 264:     TRISD = 0;
   320   000846  0E00               	movlw	0
   321   000848  6E95               	movwf	149,c	;volatile
   322   00084A                     
   323                           ;Pr3_Codigo_Parte3.c: 265:     TRISCbits.TRISC0 = 0;
   324   00084A  9094               	bcf	148,0,c	;volatile
   325   00084C                     
   326                           ;Pr3_Codigo_Parte3.c: 266:     TRISCbits.TRISC1 = 0;
   327   00084C  9294               	bcf	148,1,c	;volatile
   328   00084E                     
   329                           ;Pr3_Codigo_Parte3.c: 267:     TRISCbits.TRISC6 = 0;
   330   00084E  9C94               	bcf	148,6,c	;volatile
   331   000850                     
   332                           ;Pr3_Codigo_Parte3.c: 268:     TRISCbits.TRISC7 = 0;
   333   000850  9E94               	bcf	148,7,c	;volatile
   334   000852                     
   335                           ;Pr3_Codigo_Parte3.c: 269:     TRISC |= 0b00110000;
   336   000852  0E30               	movlw	48
   337   000854  1294               	iorwf	148,f,c	;volatile
   338   000856                     
   339                           ;Pr3_Codigo_Parte3.c: 272:     LATD = 0;
   340   000856  0E00               	movlw	0
   341   000858  6E8C               	movwf	140,c	;volatile
   342   00085A                     
   343                           ;Pr3_Codigo_Parte3.c: 273:     LATCbits.LATC7 = 0;
   344   00085A  9E8B               	bcf	139,7,c	;volatile
   345   00085C                     
   346                           ;Pr3_Codigo_Parte3.c: 274:     LATCbits.LATC6 = 0;
   347   00085C  9C8B               	bcf	139,6,c	;volatile
   348   00085E                     
   349                           ;Pr3_Codigo_Parte3.c: 275:     LATCbits.LATC1 = 0;
   350   00085E  928B               	bcf	139,1,c	;volatile
   351   000860                     
   352                           ;Pr3_Codigo_Parte3.c: 276:     LATCbits.LATC0 = 0;
   353   000860  908B               	bcf	139,0,c	;volatile
   354   000862                     
   355                           ;Pr3_Codigo_Parte3.c: 281:     TMR0H = 0xF1;
   356   000862  0EF1               	movlw	241
   357   000864  6ED7               	movwf	215,c	;volatile
   358   000866                     
   359                           ;Pr3_Codigo_Parte3.c: 282:     TMR0L = 0x5A;
   360   000866  0E5A               	movlw	90
   361   000868  6ED6               	movwf	214,c	;volatile
   362   00086A                     
   363                           ;Pr3_Codigo_Parte3.c: 295:     T0CON = 0b00000010;
   364   00086A  0E02               	movlw	2
   365   00086C  6ED5               	movwf	213,c	;volatile
   366   00086E                     
   367                           ;Pr3_Codigo_Parte3.c: 298:     RCONbits.IPEN = 1;
   368   00086E  8ED0               	bsf	208,7,c	;volatile
   369   000870                     
   370                           ;Pr3_Codigo_Parte3.c: 299:     INTCON2bits.TMR0IP = 1;
   371   000870  84F1               	bsf	241,2,c	;volatile
   372   000872                     
   373                           ;Pr3_Codigo_Parte3.c: 300:     INTCONbits.TMR0IE = 1;
   374   000872  8AF2               	bsf	242,5,c	;volatile
   375   000874                     
   376                           ;Pr3_Codigo_Parte3.c: 301:     INTCONbits.TMR0IF = 0;
   377   000874  94F2               	bcf	242,2,c	;volatile
   378   000876                     
   379                           ;Pr3_Codigo_Parte3.c: 302:     INTCONbits.GIEH = 1;
   380   000876  8EF2               	bsf	242,7,c	;volatile
   381   000878                     
   382                           ;Pr3_Codigo_Parte3.c: 303:     INTCONbits.GIEL = 1;
   383   000878  8CF2               	bsf	242,6,c	;volatile
   384   00087A                     
   385                           ;Pr3_Codigo_Parte3.c: 305:     T0CONbits.TMR0ON = 1;
   386   00087A  8ED5               	bsf	213,7,c	;volatile
   387   00087C                     
   388                           ;Pr3_Codigo_Parte3.c: 311:     for(int i = 0; i < 10; i++){
   389   00087C  0E00               	movlw	0
   390   00087E  6E10               	movwf	(main@i+1)^0,c
   391   000880  0E00               	movlw	0
   392   000882  6E0F               	movwf	main@i^0,c
   393   000884                     l1052:
   394                           
   395                           ;Pr3_Codigo_Parte3.c: 312:         LATDbits.LATD0 = !LATDbits.LATD0;
   396   000884  A08C               	btfss	140,0,c	;volatile
   397   000886  EF47  F004         	goto	u291
   398   00088A  EF4B  F004         	goto	u290
   399   00088E                     u291:
   400   00088E  6A0C               	clrf	??_main^0,c
   401   000890  2A0C               	incf	??_main^0,f,c
   402   000892  EF4C  F004         	goto	u308
   403   000896                     u290:
   404   000896  6A0C               	clrf	??_main^0,c
   405   000898                     u308:
   406   000898  508C               	movf	140,w,c	;volatile
   407   00089A  180C               	xorwf	??_main^0,w,c
   408   00089C  0BFE               	andlw	-2
   409   00089E  180C               	xorwf	??_main^0,w,c
   410   0008A0  6E8C               	movwf	140,c	;volatile
   411   0008A2                     
   412                           ;Pr3_Codigo_Parte3.c: 313:         DelayXms(50);
   413   0008A2  0E00               	movlw	0
   414   0008A4  6E08               	movwf	(DelayXms@Milis+1)^0,c
   415   0008A6  0E32               	movlw	50
   416   0008A8  6E07               	movwf	DelayXms@Milis^0,c
   417   0008AA  ECEF  F005         	call	_DelayXms	;wreg free
   418   0008AE                     
   419                           ;Pr3_Codigo_Parte3.c: 314:     }
   420   0008AE  4A0F               	infsnz	main@i^0,f,c
   421   0008B0  2A10               	incf	(main@i+1)^0,f,c
   422   0008B2  BE10               	btfsc	(main@i+1)^0,7,c
   423   0008B4  EF65  F004         	goto	u311
   424   0008B8  5010               	movf	(main@i+1)^0,w,c
   425   0008BA  E109               	bnz	u310
   426   0008BC  0E0A               	movlw	10
   427   0008BE  5C0F               	subwf	main@i^0,w,c
   428   0008C0  A0D8               	btfss	status,0,c
   429   0008C2  EF65  F004         	goto	u311
   430   0008C6  EF67  F004         	goto	u310
   431   0008CA                     u311:
   432   0008CA  EF42  F004         	goto	l1052
   433   0008CE                     u310:
   434   0008CE                     
   435                           ;Pr3_Codigo_Parte3.c: 315:     LATDbits.LATD0 = 1;
   436   0008CE  808C               	bsf	140,0,c	;volatile
   437   0008D0                     
   438                           ;Pr3_Codigo_Parte3.c: 321:     datos[0] = codigosLetras[7];
   439   0008D0  0E08               	movlw	low (_codigosLetras+7)
   440   0008D2  6EF6               	movwf	tblptrl,c
   441   0008D4                     	if	1	;There is more than 1 active tblptr byte
   442   0008D4  0E08               	movlw	high __smallconst
   443   0008D6  6EF7               	movwf	tblptrh,c
   444   0008D8                     	endif
   445   0008D8                     	if	0	;tblptru may be non-zero
   446   0008D8                     	endif
   447   0008D8                     	if	0	;tblptru may be non-zero
   448   0008D8                     	endif
   449   0008D8  0008               	tblrd		*
   450   0008DA  CFF5 F013          	movff	tablat,_datos	;volatile
   451                           
   452                           ;Pr3_Codigo_Parte3.c: 322:     datos[1] = codigosLetras[13];
   453   0008DE  0E0E               	movlw	low (_codigosLetras+13)
   454   0008E0  6EF6               	movwf	tblptrl,c
   455   0008E2                     	if	1	;There is more than 1 active tblptr byte
   456   0008E2  0E08               	movlw	high __smallconst
   457   0008E4  6EF7               	movwf	tblptrh,c
   458   0008E6                     	endif
   459   0008E6                     	if	0	;tblptru may be non-zero
   460   0008E6                     	endif
   461   0008E6                     	if	0	;tblptru may be non-zero
   462   0008E6                     	endif
   463   0008E6  0008               	tblrd		*
   464   0008E8  CFF5 F014          	movff	tablat,_datos+1	;volatile
   465                           
   466                           ;Pr3_Codigo_Parte3.c: 323:     datos[2] = codigosLetras[11];
   467   0008EC  0E0C               	movlw	low (_codigosLetras+11)
   468   0008EE  6EF6               	movwf	tblptrl,c
   469   0008F0                     	if	1	;There is more than 1 active tblptr byte
   470   0008F0  0E08               	movlw	high __smallconst
   471   0008F2  6EF7               	movwf	tblptrh,c
   472   0008F4                     	endif
   473   0008F4                     	if	0	;tblptru may be non-zero
   474   0008F4                     	endif
   475   0008F4                     	if	0	;tblptru may be non-zero
   476   0008F4                     	endif
   477   0008F4  0008               	tblrd		*
   478   0008F6  CFF5 F015          	movff	tablat,_datos+2	;volatile
   479                           
   480                           ;Pr3_Codigo_Parte3.c: 324:     datos[3] = codigosLetras[0];
   481   0008FA  0E01               	movlw	low _codigosLetras
   482   0008FC  6EF6               	movwf	tblptrl,c
   483   0008FE                     	if	1	;There is more than 1 active tblptr byte
   484   0008FE  0E08               	movlw	high _codigosLetras
   485   000900  6EF7               	movwf	tblptrh,c
   486   000902                     	endif
   487   000902                     	if	0	;There are less than 3 active tblptr bytes
   488   000902                     	endif
   489   000902  0008               	tblrd		*
   490   000904  CFF5 F016          	movff	tablat,_datos+3	;volatile
   491   000908                     
   492                           ;Pr3_Codigo_Parte3.c: 325:     visDisplay = 1;
   493   000908  0E01               	movlw	1
   494   00090A  6E1B               	movwf	_visDisplay^0,c	;volatile
   495   00090C                     
   496                           ;Pr3_Codigo_Parte3.c: 326:     estadoScroll = 0;
   497   00090C  0E00               	movlw	0
   498   00090E  6E19               	movwf	_estadoScroll^0,c	;volatile
   499   000910                     l1066:
   500                           
   501                           ;Pr3_Codigo_Parte3.c: 340:         if(PORTCbits.RC4 == 0){
   502   000910  B882               	btfsc	130,4,c	;volatile
   503   000912  EF8D  F004         	goto	u321
   504   000916  EF8F  F004         	goto	u320
   505   00091A                     u321:
   506   00091A  EFB9  F004         	goto	l89
   507   00091E                     u320:
   508   00091E                     
   509                           ;Pr3_Codigo_Parte3.c: 341:             DelayXms(20);
   510   00091E  0E00               	movlw	0
   511   000920  6E08               	movwf	(DelayXms@Milis+1)^0,c
   512   000922  0E14               	movlw	20
   513   000924  6E07               	movwf	DelayXms@Milis^0,c
   514   000926  ECEF  F005         	call	_DelayXms	;wreg free
   515   00092A                     
   516                           ;Pr3_Codigo_Parte3.c: 342:             if(PORTCbits.RC4 == 0){
   517   00092A  B882               	btfsc	130,4,c	;volatile
   518   00092C  EF9A  F004         	goto	u331
   519   000930  EF9C  F004         	goto	u330
   520   000934                     u331:
   521   000934  EFB9  F004         	goto	l89
   522   000938                     u330:
   523   000938                     
   524                           ;Pr3_Codigo_Parte3.c: 343:                 if(estadoScroll == 0){
   525   000938  5019               	movf	_estadoScroll^0,w,c	;volatile
   526   00093A  A4D8               	btfss	status,2,c
   527   00093C  EFA2  F004         	goto	u341
   528   000940  EFA4  F004         	goto	u340
   529   000944                     u341:
   530   000944  EFAE  F004         	goto	l1078
   531   000948                     u340:
   532   000948                     
   533                           ;Pr3_Codigo_Parte3.c: 345:                     posScroll = 0;
   534   000948  0E00               	movlw	0
   535   00094A  6E12               	movwf	(main@posScroll+1)^0,c
   536   00094C  0E00               	movlw	0
   537   00094E  6E11               	movwf	main@posScroll^0,c
   538   000950                     
   539                           ;Pr3_Codigo_Parte3.c: 347:                     CargarVentana(posScroll);
   540   000950  0E00               	movlw	0
   541   000952  6E06               	movwf	(CargarVentana@pos+1)^0,c
   542   000954  0E00               	movlw	0
   543   000956  6E05               	movwf	CargarVentana@pos^0,c
   544   000958  ECB0  F005         	call	_CargarVentana	;wreg free
   545   00095C                     l1078:
   546                           
   547                           ;Pr3_Codigo_Parte3.c: 349:                 estadoScroll = 1;
   548   00095C  0E01               	movlw	1
   549   00095E  6E19               	movwf	_estadoScroll^0,c	;volatile
   550   000960                     
   551                           ;Pr3_Codigo_Parte3.c: 350:                 visDisplay = 1;
   552   000960  0E01               	movlw	1
   553   000962  6E1B               	movwf	_visDisplay^0,c	;volatile
   554   000964                     l92:
   555   000964  A882               	btfss	130,4,c	;volatile
   556   000966  EFB7  F004         	goto	u351
   557   00096A  EFB9  F004         	goto	u350
   558   00096E                     u351:
   559   00096E  EFB2  F004         	goto	l92
   560   000972                     u350:
   561   000972                     l89:
   562                           
   563                           ;Pr3_Codigo_Parte3.c: 356:         if(PORTCbits.RC5 == 0){
   564   000972  BA82               	btfsc	130,5,c	;volatile
   565   000974  EFBE  F004         	goto	u361
   566   000978  EFC0  F004         	goto	u360
   567   00097C                     u361:
   568   00097C  EFED  F004         	goto	l1096
   569   000980                     u360:
   570   000980                     
   571                           ;Pr3_Codigo_Parte3.c: 357:             DelayXms(20);
   572   000980  0E00               	movlw	0
   573   000982  6E08               	movwf	(DelayXms@Milis+1)^0,c
   574   000984  0E14               	movlw	20
   575   000986  6E07               	movwf	DelayXms@Milis^0,c
   576   000988  ECEF  F005         	call	_DelayXms	;wreg free
   577   00098C                     
   578                           ;Pr3_Codigo_Parte3.c: 358:             if(PORTCbits.RC5 == 0){
   579   00098C  BA82               	btfsc	130,5,c	;volatile
   580   00098E  EFCB  F004         	goto	u371
   581   000992  EFCD  F004         	goto	u370
   582   000996                     u371:
   583   000996  EFED  F004         	goto	l1096
   584   00099A                     u370:
   585   00099A                     
   586                           ;Pr3_Codigo_Parte3.c: 359:                 if(estadoScroll == 1){
   587   00099A  0419               	decf	_estadoScroll^0,w,c	;volatile
   588   00099C  A4D8               	btfss	status,2,c
   589   00099E  EFD3  F004         	goto	u381
   590   0009A2  EFD5  F004         	goto	u380
   591   0009A6                     u381:
   592   0009A6  EFD9  F004         	goto	l1090
   593   0009AA                     u380:
   594   0009AA                     
   595                           ;Pr3_Codigo_Parte3.c: 360:                     estadoScroll = 2;
   596   0009AA  0E02               	movlw	2
   597   0009AC  6E19               	movwf	_estadoScroll^0,c	;volatile
   598                           
   599                           ;Pr3_Codigo_Parte3.c: 361:                 } else if(estadoScroll == 2){
   600   0009AE  EFE6  F004         	goto	l102
   601   0009B2                     l1090:
   602   0009B2  0E02               	movlw	2
   603   0009B4  1819               	xorwf	_estadoScroll^0,w,c	;volatile
   604   0009B6  A4D8               	btfss	status,2,c
   605   0009B8  EFE0  F004         	goto	u391
   606   0009BC  EFE2  F004         	goto	u390
   607   0009C0                     u391:
   608   0009C0  EFE6  F004         	goto	l100
   609   0009C4                     u390:
   610   0009C4                     
   611                           ;Pr3_Codigo_Parte3.c: 362:                     estadoScroll = 1;
   612   0009C4  0E01               	movlw	1
   613   0009C6  6E19               	movwf	_estadoScroll^0,c	;volatile
   614                           
   615                           ;Pr3_Codigo_Parte3.c: 363:                 } else if(estadoScroll == 0){
   616   0009C8  EFE6  F004         	goto	l102
   617   0009CC                     l100:
   618   0009CC                     l102:
   619   0009CC  AA82               	btfss	130,5,c	;volatile
   620   0009CE  EFEB  F004         	goto	u401
   621   0009D2  EFED  F004         	goto	u400
   622   0009D6                     u401:
   623   0009D6  EFE6  F004         	goto	l102
   624   0009DA                     u400:
   625   0009DA                     l1096:
   626                           
   627                           ;Pr3_Codigo_Parte3.c: 372:         if(estadoScroll == 0){
   628   0009DA  5019               	movf	_estadoScroll^0,w,c	;volatile
   629   0009DC  A4D8               	btfss	status,2,c
   630   0009DE  EFF3  F004         	goto	u411
   631   0009E2  EFF5  F004         	goto	u410
   632   0009E6                     u411:
   633   0009E6  EFF9  F004         	goto	l1100
   634   0009EA                     u410:
   635   0009EA                     
   636                           ;Pr3_Codigo_Parte3.c: 377:             visDisplay = 1;
   637   0009EA  0E01               	movlw	1
   638   0009EC  6E1B               	movwf	_visDisplay^0,c	;volatile
   639                           
   640                           ;Pr3_Codigo_Parte3.c: 378:         } else if(estadoScroll == 1){
   641   0009EE  EF88  F004         	goto	l1066
   642   0009F2                     l1100:
   643   0009F2  0419               	decf	_estadoScroll^0,w,c	;volatile
   644   0009F4  A4D8               	btfss	status,2,c
   645   0009F6  EFFF  F004         	goto	u421
   646   0009FA  EF01  F005         	goto	u420
   647   0009FE                     u421:
   648   0009FE  EF2C  F005         	goto	l1114
   649   000A02                     u420:
   650   000A02                     
   651                           ;Pr3_Codigo_Parte3.c: 384:             if(cntISR >= (unsigned int)velocidad){
   652   000A02  500D               	movf	main@velocidad^0,w,c
   653   000A04  5C17               	subwf	_cntISR^0,w,c	;volatile
   654   000A06  500E               	movf	(main@velocidad+1)^0,w,c
   655   000A08  5818               	subwfb	(_cntISR+1)^0,w,c	;volatile
   656   000A0A  A0D8               	btfss	status,0,c
   657   000A0C  EF0A  F005         	goto	u431
   658   000A10  EF0C  F005         	goto	u430
   659   000A14                     u431:
   660   000A14  EF88  F004         	goto	l1066
   661   000A18                     u430:
   662   000A18                     
   663                           ;Pr3_Codigo_Parte3.c: 385:                 cntISR = 0;
   664   000A18  0E00               	movlw	0
   665   000A1A  6E18               	movwf	(_cntISR+1)^0,c	;volatile
   666   000A1C  0E00               	movlw	0
   667   000A1E  6E17               	movwf	_cntISR^0,c	;volatile
   668   000A20                     
   669                           ;Pr3_Codigo_Parte3.c: 388:                 CargarVentana(posScroll);
   670   000A20  C011  F005         	movff	main@posScroll,CargarVentana@pos
   671   000A24  C012  F006         	movff	main@posScroll+1,CargarVentana@pos+1
   672   000A28  ECB0  F005         	call	_CargarVentana	;wreg free
   673   000A2C                     
   674                           ;Pr3_Codigo_Parte3.c: 389:                 posScroll++;
   675   000A2C  4A11               	infsnz	main@posScroll^0,f,c
   676   000A2E  2A12               	incf	(main@posScroll+1)^0,f,c
   677   000A30                     
   678                           ;Pr3_Codigo_Parte3.c: 392:                 if(posScroll >= 15){
   679   000A30  BE12               	btfsc	(main@posScroll+1)^0,7,c
   680   000A32  EF24  F005         	goto	u441
   681   000A36  5012               	movf	(main@posScroll+1)^0,w,c
   682   000A38  E109               	bnz	u440
   683   000A3A  0E0F               	movlw	15
   684   000A3C  5C11               	subwf	main@posScroll^0,w,c
   685   000A3E  A0D8               	btfss	status,0,c
   686   000A40  EF24  F005         	goto	u441
   687   000A44  EF26  F005         	goto	u440
   688   000A48                     u441:
   689   000A48  EF3B  F005         	goto	l106
   690   000A4C                     u440:
   691   000A4C                     
   692                           ;Pr3_Codigo_Parte3.c: 393:                     posScroll = 0;
   693   000A4C  0E00               	movlw	0
   694   000A4E  6E12               	movwf	(main@posScroll+1)^0,c
   695   000A50  0E00               	movlw	0
   696   000A52  6E11               	movwf	main@posScroll^0,c
   697   000A54  EF88  F004         	goto	l1066
   698   000A58                     l1114:
   699   000A58  0E02               	movlw	2
   700   000A5A  1819               	xorwf	_estadoScroll^0,w,c	;volatile
   701   000A5C  A4D8               	btfss	status,2,c
   702   000A5E  EF33  F005         	goto	u451
   703   000A62  EF35  F005         	goto	u450
   704   000A66                     u451:
   705   000A66  EF3B  F005         	goto	l106
   706   000A6A                     u450:
   707   000A6A                     
   708                           ;Pr3_Codigo_Parte3.c: 403:             cntISR = 0;
   709   000A6A  0E00               	movlw	0
   710   000A6C  6E18               	movwf	(_cntISR+1)^0,c	;volatile
   711   000A6E  0E00               	movlw	0
   712   000A70  6E17               	movwf	_cntISR^0,c	;volatile
   713   000A72  EF88  F004         	goto	l1066
   714   000A76                     l106:
   715   000A76  EF88  F004         	goto	l1066
   716   000A7A  EF07  F000         	goto	start
   717   000A7E                     __end_of_main:
   718                           	callstack 0
   719                           
   720 ;; *************** function _DelayXms *****************
   721 ;; Defined at:
   722 ;;		line 173 in file "Pr3_Codigo_Parte3.c"
   723 ;; Parameters:    Size  Location     Type
   724 ;;  Milis           2    6[COMRAM] int 
   725 ;; Auto vars:     Size  Location     Type
   726 ;;  i               2    9[COMRAM] int 
   727 ;; Return value:  Size  Location     Type
   728 ;;                  1    wreg      void 
   729 ;; Registers used:
   730 ;;		wreg, status,2, status,0, cstack
   731 ;; Tracked objects:
   732 ;;		On entry : 0/0
   733 ;;		On exit  : 0/0
   734 ;;		Unchanged: 0/0
   735 ;; Data sizes:     COMRAM   BANK0   BANK1   BANK2   BANK3   BANK4   BANK5   BANK6   BANK7
   736 ;;      Params:         2       0       0       0       0       0       0       0       0
   737 ;;      Locals:         2       0       0       0       0       0       0       0       0
   738 ;;      Temps:          1       0       0       0       0       0       0       0       0
   739 ;;      Totals:         5       0       0       0       0       0       0       0       0
   740 ;;Total ram usage:        5 bytes
   741 ;; Hardware stack levels used: 1
   742 ;; Hardware stack levels required when called: 2
   743 ;; This function calls:
   744 ;;		_Delay1ms
   745 ;; This function is called by:
   746 ;;		_main
   747 ;; This function uses a non-reentrant model
   748 ;;
   749                           
   750                           	psect	text1
   751   000BDE                     __ptext1:
   752                           	callstack 0
   753   000BDE                     _DelayXms:
   754                           	callstack 28
   755   000BDE                     
   756                           ;Pr3_Codigo_Parte3.c: 174:     for(int i=0; i<= Milis; i++){
   757   000BDE  0E00               	movlw	0
   758   000BE0  6E0B               	movwf	(DelayXms@i+1)^0,c
   759   000BE2  0E00               	movlw	0
   760   000BE4  6E0A               	movwf	DelayXms@i^0,c
   761   000BE6  EFF9  F005         	goto	l984
   762   000BEA                     l980:
   763                           
   764                           ;Pr3_Codigo_Parte3.c: 175:         Delay1ms();
   765   000BEA  EC1F  F006         	call	_Delay1ms	;wreg free
   766   000BEE                     
   767                           ;Pr3_Codigo_Parte3.c: 176:     }
   768   000BEE  4A0A               	infsnz	DelayXms@i^0,f,c
   769   000BF0  2A0B               	incf	(DelayXms@i+1)^0,f,c
   770   000BF2                     l984:
   771   000BF2  500A               	movf	DelayXms@i^0,w,c
   772   000BF4  5C07               	subwf	DelayXms@Milis^0,w,c
   773   000BF6  5008               	movf	(DelayXms@Milis+1)^0,w,c
   774   000BF8  0A80               	xorlw	128
   775   000BFA  6E09               	movwf	??_DelayXms^0,c
   776   000BFC  500B               	movf	(DelayXms@i+1)^0,w,c
   777   000BFE  0A80               	xorlw	128
   778   000C00  5809               	subwfb	??_DelayXms^0,w,c
   779   000C02  B0D8               	btfsc	status,0,c
   780   000C04  EF06  F006         	goto	u261
   781   000C08  EF08  F006         	goto	u260
   782   000C0C                     u261:
   783   000C0C  EFF5  F005         	goto	l980
   784   000C10                     u260:
   785   000C10  0012               	return		;funcret
   786   000C12                     __end_of_DelayXms:
   787                           	callstack 0
   788                           
   789 ;; *************** function _Delay1ms *****************
   790 ;; Defined at:
   791 ;;		line 168 in file "Pr3_Codigo_Parte3.c"
   792 ;; Parameters:    Size  Location     Type
   793 ;;		None
   794 ;; Auto vars:     Size  Location     Type
   795 ;;  veces           2    4[COMRAM] int 
   796 ;; Return value:  Size  Location     Type
   797 ;;                  1    wreg      void 
   798 ;; Registers used:
   799 ;;		wreg, status,2, status,0
   800 ;; Tracked objects:
   801 ;;		On entry : 0/0
   802 ;;		On exit  : 0/0
   803 ;;		Unchanged: 0/0
   804 ;; Data sizes:     COMRAM   BANK0   BANK1   BANK2   BANK3   BANK4   BANK5   BANK6   BANK7
   805 ;;      Params:         0       0       0       0       0       0       0       0       0
   806 ;;      Locals:         2       0       0       0       0       0       0       0       0
   807 ;;      Temps:          0       0       0       0       0       0       0       0       0
   808 ;;      Totals:         2       0       0       0       0       0       0       0       0
   809 ;;Total ram usage:        2 bytes
   810 ;; Hardware stack levels used: 1
   811 ;; Hardware stack levels required when called: 1
   812 ;; This function calls:
   813 ;;		Nothing
   814 ;; This function is called by:
   815 ;;		_DelayXms
   816 ;; This function uses a non-reentrant model
   817 ;;
   818                           
   819                           	psect	text2
   820   000C3E                     __ptext2:
   821                           	callstack 0
   822   000C3E                     _Delay1ms:
   823                           	callstack 28
   824   000C3E                     
   825                           ;Pr3_Codigo_Parte3.c: 169:     int veces;;Pr3_Codigo_Parte3.c: 170:     for ( veces=0; v
      +                          eces <= 860; veces++ );
   826   000C3E  0E00               	movlw	0
   827   000C40  6E06               	movwf	(Delay1ms@veces+1)^0,c
   828   000C42  0E00               	movlw	0
   829   000C44  6E05               	movwf	Delay1ms@veces^0,c
   830   000C46                     l796:
   831   000C46  4A05               	infsnz	Delay1ms@veces^0,f,c
   832   000C48  2A06               	incf	(Delay1ms@veces+1)^0,f,c
   833   000C4A  BE06               	btfsc	(Delay1ms@veces+1)^0,7,c
   834   000C4C  EF31  F006         	goto	u11
   835   000C50  0E5D               	movlw	93
   836   000C52  5C05               	subwf	Delay1ms@veces^0,w,c
   837   000C54  0E03               	movlw	3
   838   000C56  5806               	subwfb	(Delay1ms@veces+1)^0,w,c
   839   000C58  A0D8               	btfss	status,0,c
   840   000C5A  EF31  F006         	goto	u11
   841   000C5E  EF33  F006         	goto	u10
   842   000C62                     u11:
   843   000C62  EF23  F006         	goto	l796
   844   000C66                     u10:
   845   000C66  0012               	return		;funcret
   846   000C68                     __end_of_Delay1ms:
   847                           	callstack 0
   848                           
   849 ;; *************** function _CargarVentana *****************
   850 ;; Defined at:
   851 ;;		line 236 in file "Pr3_Codigo_Parte3.c"
   852 ;; Parameters:    Size  Location     Type
   853 ;;  pos             2    4[COMRAM] int 
   854 ;; Auto vars:     Size  Location     Type
   855 ;;  i               2    8[COMRAM] int 
   856 ;; Return value:  Size  Location     Type
   857 ;;                  1    wreg      void 
   858 ;; Registers used:
   859 ;;		wreg, fsr2l, fsr2h, status,2, status,0, tblptrl, tblptrh, tblptru
   860 ;; Tracked objects:
   861 ;;		On entry : 0/0
   862 ;;		On exit  : 0/0
   863 ;;		Unchanged: 0/0
   864 ;; Data sizes:     COMRAM   BANK0   BANK1   BANK2   BANK3   BANK4   BANK5   BANK6   BANK7
   865 ;;      Params:         2       0       0       0       0       0       0       0       0
   866 ;;      Locals:         2       0       0       0       0       0       0       0       0
   867 ;;      Temps:          2       0       0       0       0       0       0       0       0
   868 ;;      Totals:         6       0       0       0       0       0       0       0       0
   869 ;;Total ram usage:        6 bytes
   870 ;; Hardware stack levels used: 1
   871 ;; Hardware stack levels required when called: 1
   872 ;; This function calls:
   873 ;;		Nothing
   874 ;; This function is called by:
   875 ;;		_main
   876 ;; This function uses a non-reentrant model
   877 ;;
   878                           
   879                           	psect	text3
   880   000B60                     __ptext3:
   881                           	callstack 0
   882   000B60                     _CargarVentana:
   883                           	callstack 29
   884   000B60                     
   885                           ;Pr3_Codigo_Parte3.c: 237:     int i;;Pr3_Codigo_Parte3.c: 238:     for(i = 0; i < 4; i+
      +                          +){
   886   000B60  0E00               	movlw	0
   887   000B62  6E0A               	movwf	(CargarVentana@i+1)^0,c
   888   000B64  0E00               	movlw	0
   889   000B66  6E09               	movwf	CargarVentana@i^0,c
   890   000B68                     l992:
   891                           
   892                           ;Pr3_Codigo_Parte3.c: 240:         if((pos + i) < 15){
   893   000B68  5009               	movf	CargarVentana@i^0,w,c
   894   000B6A  2405               	addwf	CargarVentana@pos^0,w,c
   895   000B6C  6E07               	movwf	??_CargarVentana^0,c
   896   000B6E  500A               	movf	(CargarVentana@i+1)^0,w,c
   897   000B70  2006               	addwfc	(CargarVentana@pos+1)^0,w,c
   898   000B72  6E08               	movwf	(??_CargarVentana+1)^0,c
   899   000B74  BE08               	btfsc	(??_CargarVentana+1)^0,7,c
   900   000B76  EFC8  F005         	goto	u270
   901   000B7A  5008               	movf	(??_CargarVentana+1)^0,w,c
   902   000B7C  E107               	bnz	u271
   903   000B7E  0E0F               	movlw	15
   904   000B80  5C07               	subwf	??_CargarVentana^0,w,c
   905   000B82  B0D8               	btfsc	status,0,c
   906   000B84  EFC6  F005         	goto	u271
   907   000B88  EFC8  F005         	goto	u270
   908   000B8C                     u271:
   909   000B8C  EFD9  F005         	goto	l996
   910   000B90                     u270:
   911   000B90                     
   912                           ;Pr3_Codigo_Parte3.c: 241:             datos[i] = mensaje[pos + i];
   913   000B90  5005               	movf	CargarVentana@pos^0,w,c
   914   000B92  0F17               	addlw	low _mensaje
   915   000B94  2409               	addwf	CargarVentana@i^0,w,c
   916   000B96  6E07               	movwf	??_CargarVentana^0,c
   917   000B98  C007  FFF6         	movff	??_CargarVentana,tblptrl
   918   000B9C                     	if	1	;There is more than 1 active tblptr byte
   919   000B9C  0E08               	movlw	high __smallconst
   920   000B9E  6EF7               	movwf	tblptrh,c
   921   000BA0                     	endif
   922   000BA0                     	if	0	;tblptru may be non-zero
   923   000BA0                     	endif
   924   000BA0                     	if	0	;tblptru may be non-zero
   925   000BA0                     	endif
   926   000BA0  5009               	movf	CargarVentana@i^0,w,c
   927   000BA2  0F13               	addlw	low _datos
   928   000BA4  6ED9               	movwf	fsr2l,c
   929   000BA6  6ADA               	clrf	fsr2h,c
   930   000BA8  0008               	tblrd		*
   931   000BAA  CFF5 FFDF          	movff	tablat,indf2
   932                           
   933                           ;Pr3_Codigo_Parte3.c: 242:         } else {
   934   000BAE  EFDE  F005         	goto	l998
   935   000BB2                     l996:
   936                           
   937                           ;Pr3_Codigo_Parte3.c: 243:             datos[i] = 0x00;
   938   000BB2  5009               	movf	CargarVentana@i^0,w,c
   939   000BB4  0F13               	addlw	low _datos
   940   000BB6  6ED9               	movwf	fsr2l,c
   941   000BB8  6ADA               	clrf	fsr2h,c
   942   000BBA  6ADF               	clrf	indf2,c
   943   000BBC                     l998:
   944                           
   945                           ;Pr3_Codigo_Parte3.c: 245:     }
   946   000BBC  4A09               	infsnz	CargarVentana@i^0,f,c
   947   000BBE  2A0A               	incf	(CargarVentana@i+1)^0,f,c
   948   000BC0  BE0A               	btfsc	(CargarVentana@i+1)^0,7,c
   949   000BC2  EFEC  F005         	goto	u281
   950   000BC6  500A               	movf	(CargarVentana@i+1)^0,w,c
   951   000BC8  E109               	bnz	u280
   952   000BCA  0E04               	movlw	4
   953   000BCC  5C09               	subwf	CargarVentana@i^0,w,c
   954   000BCE  A0D8               	btfss	status,0,c
   955   000BD0  EFEC  F005         	goto	u281
   956   000BD4  EFEE  F005         	goto	u280
   957   000BD8                     u281:
   958   000BD8  EFB4  F005         	goto	l992
   959   000BDC                     u280:
   960   000BDC  0012               	return		;funcret
   961   000BDE                     __end_of_CargarVentana:
   962                           	callstack 0
   963                           
   964 ;; *************** function _InterrupcionHP *****************
   965 ;; Defined at:
   966 ;;		line 184 in file "Pr3_Codigo_Parte3.c"
   967 ;; Parameters:    Size  Location     Type
   968 ;;		None
   969 ;; Auto vars:     Size  Location     Type
   970 ;;		None
   971 ;; Return value:  Size  Location     Type
   972 ;;                  1    wreg      void 
   973 ;; Registers used:
   974 ;;		wreg, fsr2l, fsr2h, status,2, status,0
   975 ;; Tracked objects:
   976 ;;		On entry : 0/0
   977 ;;		On exit  : 0/0
   978 ;;		Unchanged: 0/0
   979 ;; Data sizes:     COMRAM   BANK0   BANK1   BANK2   BANK3   BANK4   BANK5   BANK6   BANK7
   980 ;;      Params:         0       0       0       0       0       0       0       0       0
   981 ;;      Locals:         0       0       0       0       0       0       0       0       0
   982 ;;      Temps:          4       0       0       0       0       0       0       0       0
   983 ;;      Totals:         4       0       0       0       0       0       0       0       0
   984 ;;Total ram usage:        4 bytes
   985 ;; Hardware stack levels used: 1
   986 ;; This function calls:
   987 ;;		Nothing
   988 ;; This function is called by:
   989 ;;		Interrupt level 2
   990 ;; This function uses a non-reentrant model
   991 ;;
   992                           
   993                           	psect	intcode
   994   000008                     __pintcode:
   995                           	callstack 0
   996   000008                     _InterrupcionHP:
   997                           	callstack 28
   998                           
   999                           ;incstack = 0
  1000   000008  821C               	bsf	int$flags,1,c	;set compiler interrupt flag (level 2)
  1001   00000A  ED3F  F005         	call	int_func,f	;refresh shadow registers
  1002                           
  1003                           	psect	intcode_body
  1004   000A7E                     __pintcode_body:
  1005                           	callstack 28
  1006   000A7E                     int_func:
  1007                           	callstack 28
  1008   000A7E  0006               	pop		; remove dummy address from shadow register refresh
  1009   000A80  CFD9 F003          	movff	fsr2l,??_InterrupcionHP+2
  1010   000A84  CFDA F004          	movff	fsr2h,??_InterrupcionHP+3
  1011   000A88                     
  1012                           ;Pr3_Codigo_Parte3.c: 185:     if(INTCONbits.TMR0IF){
  1013   000A88  A4F2               	btfss	242,2,c	;volatile
  1014   000A8A  EF49  F005         	goto	i2u5_41
  1015   000A8E  EF4B  F005         	goto	i2u5_40
  1016   000A92                     i2u5_41:
  1017   000A92  EFAA  F005         	goto	i2l74
  1018   000A96                     i2u5_40:
  1019   000A96                     
  1020                           ;Pr3_Codigo_Parte3.c: 193:         TMR0H = 0xF1;
  1021   000A96  0EF1               	movlw	241
  1022   000A98  6ED7               	movwf	215,c	;volatile
  1023                           
  1024                           ;Pr3_Codigo_Parte3.c: 194:         TMR0L = 0x5A;
  1025   000A9A  0E5A               	movlw	90
  1026   000A9C  6ED6               	movwf	214,c	;volatile
  1027   000A9E                     
  1028                           ;Pr3_Codigo_Parte3.c: 197:         LATCbits.LATC7 = 0;
  1029   000A9E  9E8B               	bcf	139,7,c	;volatile
  1030   000AA0                     
  1031                           ;Pr3_Codigo_Parte3.c: 198:         LATCbits.LATC6 = 0;
  1032   000AA0  9C8B               	bcf	139,6,c	;volatile
  1033   000AA2                     
  1034                           ;Pr3_Codigo_Parte3.c: 199:         LATCbits.LATC1 = 0;
  1035   000AA2  928B               	bcf	139,1,c	;volatile
  1036   000AA4                     
  1037                           ;Pr3_Codigo_Parte3.c: 200:         LATCbits.LATC0 = 0;
  1038   000AA4  908B               	bcf	139,0,c	;volatile
  1039                           
  1040                           ;Pr3_Codigo_Parte3.c: 203:         if(visDisplay){
  1041   000AA6  501B               	movf	_visDisplay^0,w,c	;volatile
  1042   000AA8  B4D8               	btfsc	status,2,c
  1043   000AAA  EF59  F005         	goto	i2u6_41
  1044   000AAE  EF5B  F005         	goto	i2u6_40
  1045   000AB2                     i2u6_41:
  1046   000AB2  EF98  F005         	goto	i2l842
  1047   000AB6                     i2u6_40:
  1048   000AB6                     
  1049                           ;Pr3_Codigo_Parte3.c: 205:             LATD = (datos[multiplex] & 0xFE) | (LATDbits.LATD
      +                          0);
  1050   000AB6  B08C               	btfsc	140,0,c	;volatile
  1051   000AB8  EF60  F005         	goto	i2u7_41
  1052   000ABC  EF64  F005         	goto	i2u7_40
  1053   000AC0                     i2u7_41:
  1054   000AC0  6A01               	clrf	??_InterrupcionHP^0,c
  1055   000AC2  2A01               	incf	??_InterrupcionHP^0,f,c
  1056   000AC4  EF65  F005         	goto	i2u7_48
  1057   000AC8                     i2u7_40:
  1058   000AC8  6A01               	clrf	??_InterrupcionHP^0,c
  1059   000ACA                     i2u7_48:
  1060   000ACA  501A               	movf	_multiplex^0,w,c
  1061   000ACC  0F13               	addlw	low _datos
  1062   000ACE  6ED9               	movwf	fsr2l,c
  1063   000AD0  6ADA               	clrf	fsr2h,c
  1064   000AD2  50DF               	movf	indf2,w,c
  1065   000AD4  0BFE               	andlw	254
  1066   000AD6  1001               	iorwf	??_InterrupcionHP^0,w,c
  1067   000AD8  6E8C               	movwf	140,c	;volatile
  1068                           
  1069                           ;Pr3_Codigo_Parte3.c: 207:             switch(multiplex){
  1070   000ADA  EF7B  F005         	goto	i2l840
  1071   000ADE                     i2l67:
  1072   000ADE  8E8B               	bsf	139,7,c	;volatile
  1073   000AE0  EF9C  F005         	goto	i2l844
  1074   000AE4                     i2l69:
  1075   000AE4  8C8B               	bsf	139,6,c	;volatile
  1076   000AE6  EF9C  F005         	goto	i2l844
  1077   000AEA                     i2l70:
  1078   000AEA  828B               	bsf	139,1,c	;volatile
  1079   000AEC  EF9C  F005         	goto	i2l844
  1080   000AF0                     i2l71:
  1081   000AF0  808B               	bsf	139,0,c	;volatile
  1082   000AF2  EF9C  F005         	goto	i2l844
  1083   000AF6                     i2l840:
  1084   000AF6  501A               	movf	_multiplex^0,w,c	;volatile
  1085   000AF8  6E01               	movwf	??_InterrupcionHP^0,c
  1086   000AFA  6A02               	clrf	(??_InterrupcionHP+1)^0,c
  1087                           
  1088                           ; Switch on 2 bytes has been partitioned into a top level switch of size 1, and 1 sub-sw
      +                          itches
  1089                           ; Switch size 1, requested type "simple"
  1090                           ; Number of cases is 1, Range of values is 0 to 0
  1091                           ; switch strategies available:
  1092                           ; Name         Instructions Cycles
  1093                           ; simple_byte            4     3 (average)
  1094                           ;	Chosen strategy is simple_byte
  1095   000AFC  5002               	movf	(??_InterrupcionHP+1)^0,w,c
  1096   000AFE  0A00               	xorlw	0	; case 0
  1097   000B00  B4D8               	btfsc	status,2,c
  1098   000B02  EF85  F005         	goto	i2l1122
  1099   000B06  EF9C  F005         	goto	i2l844
  1100   000B0A                     i2l1122:
  1101                           
  1102                           ; Switch size 1, requested type "simple"
  1103                           ; Number of cases is 4, Range of values is 0 to 3
  1104                           ; switch strategies available:
  1105                           ; Name         Instructions Cycles
  1106                           ; simple_byte           13     7 (average)
  1107                           ;	Chosen strategy is simple_byte
  1108   000B0A  5001               	movf	??_InterrupcionHP^0,w,c
  1109   000B0C  0A00               	xorlw	0	; case 0
  1110   000B0E  B4D8               	btfsc	status,2,c
  1111   000B10  EF6F  F005         	goto	i2l67
  1112   000B14  0A01               	xorlw	1	; case 1
  1113   000B16  B4D8               	btfsc	status,2,c
  1114   000B18  EF72  F005         	goto	i2l69
  1115   000B1C  0A03               	xorlw	3	; case 2
  1116   000B1E  B4D8               	btfsc	status,2,c
  1117   000B20  EF75  F005         	goto	i2l70
  1118   000B24  0A01               	xorlw	1	; case 3
  1119   000B26  B4D8               	btfsc	status,2,c
  1120   000B28  EF78  F005         	goto	i2l71
  1121   000B2C  EF9C  F005         	goto	i2l844
  1122   000B30                     i2l842:
  1123                           
  1124                           ;Pr3_Codigo_Parte3.c: 215:             LATD = 0x00 | (LATDbits.LATD0);
  1125   000B30  0E00               	movlw	0
  1126   000B32  B08C               	btfsc	140,0,c	;volatile
  1127   000B34  0E01               	movlw	1
  1128   000B36  6E8C               	movwf	140,c	;volatile
  1129   000B38                     i2l844:
  1130                           
  1131                           ;Pr3_Codigo_Parte3.c: 220:         multiplex++;
  1132   000B38  2A1A               	incf	_multiplex^0,f,c	;volatile
  1133                           
  1134                           ;Pr3_Codigo_Parte3.c: 221:         if(multiplex > 3) multiplex = 0;
  1135   000B3A  0E03               	movlw	3
  1136   000B3C  641A               	cpfsgt	_multiplex^0,c	;volatile
  1137   000B3E  EFA3  F005         	goto	i2u8_41
  1138   000B42  EFA5  F005         	goto	i2u8_40
  1139   000B46                     i2u8_41:
  1140   000B46  EFA7  F005         	goto	i2l848
  1141   000B4A                     i2u8_40:
  1142   000B4A  0E00               	movlw	0
  1143   000B4C  6E1A               	movwf	_multiplex^0,c	;volatile
  1144   000B4E                     i2l848:
  1145                           
  1146                           ;Pr3_Codigo_Parte3.c: 225:         cntISR++;
  1147   000B4E  4A17               	infsnz	_cntISR^0,f,c	;volatile
  1148   000B50  2A18               	incf	(_cntISR+1)^0,f,c	;volatile
  1149   000B52                     
  1150                           ;Pr3_Codigo_Parte3.c: 227:         INTCONbits.TMR0IF = 0;
  1151   000B52  94F2               	bcf	242,2,c	;volatile
  1152   000B54                     i2l74:
  1153   000B54  C004  FFDA         	movff	??_InterrupcionHP+3,fsr2h
  1154   000B58  C003  FFD9         	movff	??_InterrupcionHP+2,fsr2l
  1155   000B5C  921C               	bcf	int$flags,1,c	;clear compiler interrupt flag (level 2)
  1156   000B5E  0011               	retfie		f
  1157   000B60                     __end_of_InterrupcionHP:
  1158                           	callstack 0
  1159                           
  1160                           	psect	rparam
  1161   000000                     
  1162                           	psect	temp
  1163   00001C                     btemp:
  1164                           	callstack 0
  1165   00001C                     	ds	1
  1166   000000                     int$flags	set	btemp
  1167   000000                     wtemp8	set	btemp+1
  1168   000000                     ttemp5	set	btemp+1
  1169   000000                     ttemp6	set	btemp+4
  1170   000000                     ttemp7	set	btemp+8
  1171                           
  1172                           	psect	idloc
  1173                           
  1174                           ;Config register IDLOC0 @ 0x200000
  1175                           ;	unspecified, using default values
  1176   200000                     	org	2097152
  1177   200000  FF                 	db	255
  1178                           
  1179                           ;Config register IDLOC1 @ 0x200001
  1180                           ;	unspecified, using default values
  1181   200001                     	org	2097153
  1182   200001  FF                 	db	255
  1183                           
  1184                           ;Config register IDLOC2 @ 0x200002
  1185                           ;	unspecified, using default values
  1186   200002                     	org	2097154
  1187   200002  FF                 	db	255
  1188                           
  1189                           ;Config register IDLOC3 @ 0x200003
  1190                           ;	unspecified, using default values
  1191   200003                     	org	2097155
  1192   200003  FF                 	db	255
  1193                           
  1194                           ;Config register IDLOC4 @ 0x200004
  1195                           ;	unspecified, using default values
  1196   200004                     	org	2097156
  1197   200004  FF                 	db	255
  1198                           
  1199                           ;Config register IDLOC5 @ 0x200005
  1200                           ;	unspecified, using default values
  1201   200005                     	org	2097157
  1202   200005  FF                 	db	255
  1203                           
  1204                           ;Config register IDLOC6 @ 0x200006
  1205                           ;	unspecified, using default values
  1206   200006                     	org	2097158
  1207   200006  FF                 	db	255
  1208                           
  1209                           ;Config register IDLOC7 @ 0x200007
  1210                           ;	unspecified, using default values
  1211   200007                     	org	2097159
  1212   200007  FF                 	db	255
  1213                           
  1214                           	psect	config
  1215                           
  1216                           ;Config register CONFIG1L @ 0x300000
  1217                           ;	PLL Prescaler Selection bits
  1218                           ;	PLLDIV = 5, Divide by 5 (20 MHz oscillator input)
  1219                           ;	System Clock Postscaler Selection bits
  1220                           ;	CPUDIV = OSC1_PLL2, [Primary Oscillator Src: /1][96 MHz PLL Src: /2]
  1221                           ;	USB Clock Selection bit (used in Full-Speed USB mode only; UCFG:FSEN = 1)
  1222                           ;	USBDIV = 1, USB clock source comes directly from the primary oscillator block with no 
      +                          postscale
  1223   300000                     	org	3145728
  1224   300000  04                 	db	4
  1225                           
  1226                           ;Config register CONFIG1H @ 0x300001
  1227                           ;	Oscillator Selection bits
  1228                           ;	FOSC = HSPLL_HS, HS oscillator, PLL enabled (HSPLL)
  1229                           ;	Fail-Safe Clock Monitor Enable bit
  1230                           ;	FCMEN = OFF, Fail-Safe Clock Monitor disabled
  1231                           ;	Internal/External Oscillator Switchover bit
  1232                           ;	IESO = OFF, Oscillator Switchover mode disabled
  1233   300001                     	org	3145729
  1234   300001  0E                 	db	14
  1235                           
  1236                           ;Config register CONFIG2L @ 0x300002
  1237                           ;	Power-up Timer Enable bit
  1238                           ;	PWRT = ON, PWRT enabled
  1239                           ;	Brown-out Reset Enable bits
  1240                           ;	BOR = ON, Brown-out Reset enabled in hardware only (SBOREN is disabled)
  1241                           ;	Brown-out Reset Voltage bits
  1242                           ;	BORV = 3, Minimum setting 2.05V
  1243                           ;	USB Voltage Regulator Enable bit
  1244                           ;	VREGEN = OFF, USB voltage regulator disabled
  1245   300002                     	org	3145730
  1246   300002  1E                 	db	30
  1247                           
  1248                           ;Config register CONFIG2H @ 0x300003
  1249                           ;	Watchdog Timer Enable bit
  1250                           ;	WDT = OFF, WDT disabled (control is placed on the SWDTEN bit)
  1251                           ;	Watchdog Timer Postscale Select bits
  1252                           ;	WDTPS = 32768, 1:32768
  1253   300003                     	org	3145731
  1254   300003  1E                 	db	30
  1255                           
  1256                           ; Padding undefined space
  1257   300004                     	org	3145732
  1258   300004  FF                 	db	255
  1259                           
  1260                           ;Config register CONFIG3H @ 0x300005
  1261                           ;	CCP2 MUX bit
  1262                           ;	CCP2MX = ON, CCP2 input/output is multiplexed with RC1
  1263                           ;	PORTB A/D Enable bit
  1264                           ;	PBADEN = OFF, PORTB<4:0> pins are configured as digital I/O on Reset
  1265                           ;	Low-Power Timer 1 Oscillator Enable bit
  1266                           ;	LPT1OSC = OFF, Timer1 configured for higher power operation
  1267                           ;	MCLR Pin Enable bit
  1268                           ;	MCLRE = ON, MCLR pin enabled; RE3 input pin disabled
  1269   300005                     	org	3145733
  1270   300005  81                 	db	129
  1271                           
  1272                           ;Config register CONFIG4L @ 0x300006
  1273                           ;	Stack Full/Underflow Reset Enable bit
  1274                           ;	STVREN = ON, Stack full/underflow will cause Reset
  1275                           ;	Single-Supply ICSP Enable bit
  1276                           ;	LVP = OFF, Single-Supply ICSP disabled
  1277                           ;	Dedicated In-Circuit Debug/Programming Port (ICPORT) Enable bit
  1278                           ;	ICPRT = OFF, ICPORT disabled
  1279                           ;	Extended Instruction Set Enable bit
  1280                           ;	XINST = OFF, Instruction set extension and Indexed Addressing mode disabled (Legacy mo
      +                          de)
  1281                           ;	Background Debugger Enable bit
  1282                           ;	DEBUG = 0x1, unprogrammed default
  1283   300006                     	org	3145734
  1284   300006  81                 	db	129
  1285                           
  1286                           ; Padding undefined space
  1287   300007                     	org	3145735
  1288   300007  FF                 	db	255
  1289                           
  1290                           ;Config register CONFIG5L @ 0x300008
  1291                           ;	Code Protection bit
  1292                           ;	CP0 = OFF, Block 0 (000800-001FFFh) is not code-protected
  1293                           ;	Code Protection bit
  1294                           ;	CP1 = OFF, Block 1 (002000-003FFFh) is not code-protected
  1295                           ;	Code Protection bit
  1296                           ;	CP2 = OFF, Block 2 (004000-005FFFh) is not code-protected
  1297                           ;	Code Protection bit
  1298                           ;	CP3 = OFF, Block 3 (006000-007FFFh) is not code-protected
  1299   300008                     	org	3145736
  1300   300008  0F                 	db	15
  1301                           
  1302                           ;Config register CONFIG5H @ 0x300009
  1303                           ;	Boot Block Code Protection bit
  1304                           ;	CPB = OFF, Boot block (000000-0007FFh) is not code-protected
  1305                           ;	Data EEPROM Code Protection bit
  1306                           ;	CPD = OFF, Data EEPROM is not code-protected
  1307   300009                     	org	3145737
  1308   300009  C0                 	db	192
  1309                           
  1310                           ;Config register CONFIG6L @ 0x30000A
  1311                           ;	Write Protection bit
  1312                           ;	WRT0 = OFF, Block 0 (000800-001FFFh) is not write-protected
  1313                           ;	Write Protection bit
  1314                           ;	WRT1 = OFF, Block 1 (002000-003FFFh) is not write-protected
  1315                           ;	Write Protection bit
  1316                           ;	WRT2 = OFF, Block 2 (004000-005FFFh) is not write-protected
  1317                           ;	Write Protection bit
  1318                           ;	WRT3 = OFF, Block 3 (006000-007FFFh) is not write-protected
  1319   30000A                     	org	3145738
  1320   30000A  0F                 	db	15
  1321                           
  1322                           ;Config register CONFIG6H @ 0x30000B
  1323                           ;	Configuration Register Write Protection bit
  1324                           ;	WRTC = OFF, Configuration registers (300000-3000FFh) are not write-protected
  1325                           ;	Boot Block Write Protection bit
  1326                           ;	WRTB = OFF, Boot block (000000-0007FFh) is not write-protected
  1327                           ;	Data EEPROM Write Protection bit
  1328                           ;	WRTD = OFF, Data EEPROM is not write-protected
  1329   30000B                     	org	3145739
  1330   30000B  E0                 	db	224
  1331                           
  1332                           ;Config register CONFIG7L @ 0x30000C
  1333                           ;	Table Read Protection bit
  1334                           ;	EBTR0 = OFF, Block 0 (000800-001FFFh) is not protected from table reads executed in ot
      +                          her blocks
  1335                           ;	Table Read Protection bit
  1336                           ;	EBTR1 = OFF, Block 1 (002000-003FFFh) is not protected from table reads executed in ot
      +                          her blocks
  1337                           ;	Table Read Protection bit
  1338                           ;	EBTR2 = OFF, Block 2 (004000-005FFFh) is not protected from table reads executed in ot
      +                          her blocks
  1339                           ;	Table Read Protection bit
  1340                           ;	EBTR3 = OFF, Block 3 (006000-007FFFh) is not protected from table reads executed in ot
      +                          her blocks
  1341   30000C                     	org	3145740
  1342   30000C  0F                 	db	15
  1343                           
  1344                           ;Config register CONFIG7H @ 0x30000D
  1345                           ;	Boot Block Table Read Protection bit
  1346                           ;	EBTRB = OFF, Boot block (000000-0007FFh) is not protected from table reads executed in
      +                           other blocks
  1347   30000D                     	org	3145741
  1348   30000D  40                 	db	64
  1349                           tosu	equ	0xFFF
  1350                           tosh	equ	0xFFE
  1351                           tosl	equ	0xFFD
  1352                           stkptr	equ	0xFFC
  1353                           pclatu	equ	0xFFB
  1354                           pclath	equ	0xFFA
  1355                           pcl	equ	0xFF9
  1356                           tblptru	equ	0xFF8
  1357                           tblptrh	equ	0xFF7
  1358                           tblptrl	equ	0xFF6
  1359                           tablat	equ	0xFF5
  1360                           prodh	equ	0xFF4
  1361                           prodl	equ	0xFF3
  1362                           indf0	equ	0xFEF
  1363                           postinc0	equ	0xFEE
  1364                           postdec0	equ	0xFED
  1365                           preinc0	equ	0xFEC
  1366                           plusw0	equ	0xFEB
  1367                           fsr0h	equ	0xFEA
  1368                           fsr0l	equ	0xFE9
  1369                           wreg	equ	0xFE8
  1370                           indf1	equ	0xFE7
  1371                           postinc1	equ	0xFE6
  1372                           postdec1	equ	0xFE5
  1373                           preinc1	equ	0xFE4
  1374                           plusw1	equ	0xFE3
  1375                           fsr1h	equ	0xFE2
  1376                           fsr1l	equ	0xFE1
  1377                           bsr	equ	0xFE0
  1378                           indf2	equ	0xFDF
  1379                           postinc2	equ	0xFDE
  1380                           postdec2	equ	0xFDD
  1381                           preinc2	equ	0xFDC
  1382                           plusw2	equ	0xFDB
  1383                           fsr2h	equ	0xFDA
  1384                           fsr2l	equ	0xFD9
  1385                           status	equ	0xFD8

Data Sizes:
    Strings     0
    Constant    47
    Data        1
    BSS         8
    Persistent  0
    Stack       0

Auto Spaces:
    Space          Size  Autos    Used
    COMRAM           94     18      27
    BANK0           160      0       0
    BANK1           256      0       0
    BANK2           256      0       0
    BANK3           256      0       0
    BANK4           256      0       0
    BANK5           256      0       0
    BANK6           256      0       0
    BANK7           256      0       0

Pointer List with Targets:

    None.

Critical Paths under _main in COMRAM

    _main->_DelayXms
    _DelayXms->_Delay1ms

Critical Paths under _InterrupcionHP in COMRAM

    None.

Critical Paths under _main in BANK0

    None.

Critical Paths under _InterrupcionHP in BANK0

    None.

Critical Paths under _main in BANK1

    None.

Critical Paths under _InterrupcionHP in BANK1

    None.

Critical Paths under _main in BANK2

    None.

Critical Paths under _InterrupcionHP in BANK2

    None.

Critical Paths under _main in BANK3

    None.

Critical Paths under _InterrupcionHP in BANK3

    None.

Critical Paths under _main in BANK4

    None.

Critical Paths under _InterrupcionHP in BANK4

    None.

Critical Paths under _main in BANK5

    None.

Critical Paths under _InterrupcionHP in BANK5

    None.

Critical Paths under _main in BANK6

    None.

Critical Paths under _InterrupcionHP in BANK6

    None.

Critical Paths under _main in BANK7

    None.

Critical Paths under _InterrupcionHP in BANK7

    None.

Call Graph Tables:

 ---------------------------------------------------------------------------------
 (Depth) Function   	        Calls       Base Space   Used Autos Params    Refs
 ---------------------------------------------------------------------------------
 (0) _main                                                 9     9      0     775
                                             11 COMRAM     7     7      0
                      _CargarVentana
                           _DelayXms
 ---------------------------------------------------------------------------------
 (1) _DelayXms                                             5     3      2     304
                                              6 COMRAM     5     3      2
                           _Delay1ms
 ---------------------------------------------------------------------------------
 (2) _Delay1ms                                             2     2      0      30
                                              4 COMRAM     2     2      0
 ---------------------------------------------------------------------------------
 (1) _CargarVentana                                        6     4      2     330
                                              4 COMRAM     6     4      2
 ---------------------------------------------------------------------------------
 Estimated maximum stack depth 2
 ---------------------------------------------------------------------------------
 (Depth) Function   	        Calls       Base Space   Used Autos Params    Refs
 ---------------------------------------------------------------------------------
 (3) _InterrupcionHP                                       4     4      0       0
                                              0 COMRAM     4     4      0
 ---------------------------------------------------------------------------------
 Estimated maximum stack depth 3
 ---------------------------------------------------------------------------------

 Call Graph Graphs:

 _main (ROOT)
   _CargarVentana
   _DelayXms
     _Delay1ms

 _InterrupcionHP (ROOT)

 Address spaces:
Name               Size   Autos  Total    Cost      Usage
BIGRAM             7FF      0       0      30        0.0%
EEDATA             100      0       0       0        0.0%
BITBANK7           100      0       0      18        0.0%
BANK7              100      0       0      19        0.0%
BITBANK6           100      0       0      16        0.0%
BANK6              100      0       0      17        0.0%
BITBANK5           100      0       0      14        0.0%
BANK5              100      0       0      15        0.0%
BITBANK4           100      0       0      12        0.0%
BANK4              100      0       0      13        0.0%
BITBANK3           100      0       0      10        0.0%
BANK3              100      0       0      11        0.0%
BITBANK2           100      0       0       8        0.0%
BANK2              100      0       0       9        0.0%
BITBANK1           100      0       0       6        0.0%
BANK1              100      0       0       7        0.0%
BITBANK0            A0      0       0       4        0.0%
BANK0               A0      0       0       5        0.0%
BITCOMRAM           5E      0       0       0        0.0%
COMRAM              5E     12      1B       1       28.7%
BITBIGSFRllhhl      3A      0       0      23        0.0%
BITBIGSFRlh         19      0       0      21        0.0%
BITBIGSFRlllhhl     12      0       0      26        0.0%
BITBIGSFRh           D      0       0      20        0.0%
BITBIGSFRllll        D      0       0      28        0.0%
BITBIGSFRlllhhh      8      0       0      25        0.0%
BITBIGSFRllhl        7      0       0      24        0.0%
BITBIGSFRllhhh       4      0       0      22        0.0%
BITBIGSFRlllhl       1      0       0      27        0.0%
BIGSFR               0      0       0     200        0.0%
BITSFR               0      0       0     200        0.0%
SFR                  0      0       0     200        0.0%
STACK                0      0       0       2        0.0%
NULL                 0      0       0       0        0.0%
ABS                  0      0      1B      29        0.0%
DATA                 0      0      1B       3        0.0%
CODE                 0      0       0       0        0.0%


Microchip Technology PIC18 Macro Assembler V2.45 build 20230818022343 
Symbol Table                                                                                   Mon Jun 01 14:43:42 2026

                     l53 0C66                       l81 0BDC                       l59 0C10  
                     l92 0964                       l87 08CE                       l89 0972  
                     u10 0C66                       u11 0C62            Delay1ms@veces 0005  
                    l100 09CC                      l102 09CC                      l106 0A76  
                    l790 0C3E                      l796 0C46                      l980 0BEA  
                    l798 0C4A                      l982 0BEE                      l992 0B68  
                    l984 0BF2                      l994 0B90                      l986 0B60  
                    l978 0BDE                      l996 0BB2                      l998 0BBC  
                    u310 08CE                      u311 08CA                      u400 09DA  
                    u320 091E                      u401 09D6                      u321 091A  
                    u410 09EA                      u330 0938                      u411 09E6  
                    u331 0934                      u260 0C10                      u420 0A02  
                    u340 0948                      u308 0898                      u261 0C0C  
                    u421 09FE                      u341 0944                      u270 0B90  
                    u430 0A18                      u350 0972                      u271 0B8C  
                    u431 0A14                      u351 096E                      u280 0BDC  
                    u440 0A4C                      u360 0980                      u281 0BD8  
                    u441 0A48                      u361 097C                      u450 0A6A  
                    u370 099A                      u290 0896                      u451 0A66  
                    u371 0996                      u291 088E                      u380 09AA  
                    u381 09A6                      u390 09C4                      u391 09C0  
                    wreg 0FE8                     l1000 0BC0                     l1010 084C  
                   l1002 0832                     l1100 09F2                     l1020 085A  
                   l1012 084E                     l1004 0842                     l1110 0A30  
                   l1102 0A02                     l1030 0866                     l1022 085C  
                   l1014 0850                     l1006 0844                     l1112 0A4C  
                   l1104 0A18                     l1040 0874                     l1032 086A  
                   l1024 085E                     l1016 0852                     l1008 084A  
                   l1106 0A20                     l1114 0A58                     l1042 0876  
                   l1034 086E                     l1026 0860                     l1018 0856  
                   l1116 0A6A                     l1108 0A2C                     l1060 08D0  
                   l1052 0884                     l1044 0878                     l1036 0870  
                   l1028 0862                     l1070 092A                     l1062 0908  
                   l1054 08A2                     l1046 087A                     l1038 0872  
                   l1080 0960                     l1072 0938                     l1064 090C  
                   l1056 08AE                     l1048 087C                     l1090 09B2  
                   l1082 0980                     l1074 0948                     l1066 0910  
                   l1058 08B2                     l1092 09C4                     l1084 098C  
                   l1076 0950                     l1068 091E                     l1086 099A  
                   l1078 095C                     l1088 09AA                     l1096 09DA  
                   l1098 09EA                     _LATD 0F8C                     i2l70 0AEA  
                   i2l71 0AF0                     i2l74 0B54                     i2l67 0ADE  
                   i2l69 0AE4                     _main 0832                     fsr2h 0FDA  
                   indf2 0FDF                     fsr2l 0FD9                     btemp 001C  
                   start 000E             ___param_bank 0000                    ?_main 0001  
                  _T0CON 0FD5                    i2l830 0AA0                    i2l840 0AF6  
                  i2l832 0AA2                    i2l824 0A88                    i2l850 0B52  
                  i2l842 0B30                    i2l834 0AA4                    i2l826 0A96  
                  i2l844 0B38                    i2l836 0AB6                    i2l828 0A9E  
                  i2l846 0B4A                    i2l848 0B4E                    _TMR0H 0FD7  
                  _TMR0L 0FD6                    _TRISC 0F94                    _TRISD 0F95  
                  _datos 0013          __end_of_mensaje 0826                    main@i 000F  
                  tablat 0FF5                    ttemp5 001D                    ttemp6 0020  
                  ttemp7 0024                    status 0FD8                    wtemp8 001D  
       __end_of_Delay1ms 0C68         __end_of_DelayXms 0C12          __initialization 0C12  
           __end_of_main 0A7E                   ??_main 000C            __activetblptr 0002  
          DelayXms@Milis 0007                   i2l1122 0B0A                   i2u5_40 0A96  
                 i2u5_41 0A92                   i2u6_40 0AB6                   i2u6_41 0AB2  
                 i2u7_40 0AC8                   i2u7_41 0AC0                   i2u8_40 0B4A  
                 i2u7_48 0ACA                   i2u8_41 0B46                   _cntISR 0017  
                 clear_0 0C2A                   isa$std 0001            main@posScroll 0011  
          main@velocidad 000D             __pdataCOMRAM 001B             __mediumconst 0000  
                 tblptrh 0FF7                   tblptrl 0FF6                   tblptru 0FF8  
             __accesstop 0060  __end_of__initialization 0C30            ___rparam_used 0001  
         __pcstackCOMRAM 0001                ?_Delay1ms 0001                ?_DelayXms 0007  
  __end_of_codigosLetras 0817            _CargarVentana 0B60               _codigosNum 0826  
             ??_Delay1ms 0005               ??_DelayXms 0009                  __Hparam 0000  
                __Lparam 0000           ?_CargarVentana 0005             __psmallconst 0800  
                __pcinit 0C12                  __ramtop 0800                  __ptext0 0832  
                __ptext1 0BDE                  __ptext2 0C3E                  __ptext3 0B60  
              _T0CONbits 0FD5                  _mensaje 0817           __pintcode_body 0A7E  
   end_of_initialization 0C30                DelayXms@i 000A            __Lmediumconst 0000  
                int_func 0A7E                  postinc0 0FEE               _visDisplay 001B  
              _PORTCbits 0F82                _TRISCbits 0F94          ??_CargarVentana 0007  
          __pidataCOMRAM 0C68      start_initialization 0C12         CargarVentana@pos 0005  
           _estadoScroll 0019           _InterrupcionHP 0008              __pbssCOMRAM 0013  
              __pintcode 0008   __end_of_InterrupcionHP 0B60              __smallconst 0800  
               _LATCbits 0F8B                 _LATDbits 0F8C                 _UCFGbits 0F6F  
               _RCONbits 0FD0                 _UCONbits 0F6D                _multiplex 001A  
        ?_InterrupcionHP 0001                 _Delay1ms 0C3E                 _DelayXms 0BDE  
            _INTCON2bits 0FF1       __end_of_codigosNum 0830                 __Hrparam 0000  
          _codigosLetras 0801                 __Lrparam 0000                 isa$xinst 0000  
  __end_of_CargarVentana 0BDE                 int$flags 001C               _INTCONbits 0FF2  
         CargarVentana@i 0009                 intlevel2 0000         ??_InterrupcionHP 0001  
