Warning[207] C:\USERS\USUARIOF\DESKTOP\CLASES\SEXTO CICLO\MICROPROCESADORES\PRACTICAS\CODIGOS\PR2\PARTE4\CODIGO.ASM 11 : Found label after column 1. (Contador1)
Warning[207] C:\USERS\USUARIOF\DESKTOP\CLASES\SEXTO CICLO\MICROPROCESADORES\PRACTICAS\CODIGOS\PR2\PARTE4\CODIGO.ASM 12 : Found label after column 1. (Contador2)
Warning[207] C:\USERS\USUARIOF\DESKTOP\CLASES\SEXTO CICLO\MICROPROCESADORES\PRACTICAS\CODIGOS\PR2\PARTE4\CODIGO.ASM 13 : Found label after column 1. (ContaDelay100)
Warning[207] C:\USERS\USUARIOF\DESKTOP\CLASES\SEXTO CICLO\MICROPROCESADORES\PRACTICAS\CODIGOS\PR2\PARTE4\CODIGO.ASM 14 : Found label after column 1. (Xveces)
Warning[207] C:\USERS\USUARIOF\DESKTOP\CLASES\SEXTO CICLO\MICROPROCESADORES\PRACTICAS\CODIGOS\PR2\PARTE4\CODIGO.ASM 15 : Found label after column 1. (ContadorInicio)
Warning[207] C:\USERS\USUARIOF\DESKTOP\CLASES\SEXTO CICLO\MICROPROCESADORES\PRACTICAS\CODIGOS\PR2\PARTE4\CODIGO.ASM 16 : Found label after column 1. (Sentido)
Warning[207] C:\USERS\USUARIOF\DESKTOP\CLASES\SEXTO CICLO\MICROPROCESADORES\PRACTICAS\CODIGOS\PR2\PARTE4\CODIGO.ASM 17 : Found label after column 1. (Contador15s)
Warning[207] C:\USERS\USUARIOF\DESKTOP\CLASES\SEXTO CICLO\MICROPROCESADORES\PRACTICAS\CODIGOS\PR2\PARTE4\CODIGO.ASM 18 : Found label after column 1. (Flag)
Warning[207] C:\USERS\USUARIOF\DESKTOP\CLASES\SEXTO CICLO\MICROPROCESADORES\PRACTICAS\CODIGOS\PR2\PARTE4\CODIGO.ASM 19 : Found label after column 1. (ContadorMedioSeg)
Warning[207] C:\USERS\USUARIOF\DESKTOP\CLASES\SEXTO CICLO\MICROPROCESADORES\PRACTICAS\CODIGOS\PR2\PARTE4\CODIGO.ASM 31 : Found label after column 1. (Inicio)
Warning[207] C:\USERS\USUARIOF\DESKTOP\CLASES\SEXTO CICLO\MICROPROCESADORES\PRACTICAS\CODIGOS\PR2\PARTE4\CODIGO.ASM 83 : Found label after column 1. (BucleInicio)
Warning[207] C:\USERS\USUARIOF\DESKTOP\CLASES\SEXTO CICLO\MICROPROCESADORES\PRACTICAS\CODIGOS\PR2\PARTE4\CODIGO.ASM 95 : Found label after column 1. (Reiniciar_Todo)
Warning[207] C:\USERS\USUARIOF\DESKTOP\CLASES\SEXTO CICLO\MICROPROCESADORES\PRACTICAS\CODIGOS\PR2\PARTE4\CODIGO.ASM 103 : Found label after column 1. (EncuestaON)
Warning[207] C:\USERS\USUARIOF\DESKTOP\CLASES\SEXTO CICLO\MICROPROCESADORES\PRACTICAS\CODIGOS\PR2\PARTE4\CODIGO.ASM 107 : Found label after column 1. (Est_transistorio)
Warning[207] C:\USERS\USUARIOF\DESKTOP\CLASES\SEXTO CICLO\MICROPROCESADORES\PRACTICAS\CODIGOS\PR2\PARTE4\CODIGO.ASM 116 : Found label after column 1. (Ola_Hacia_Izq)
Warning[207] C:\USERS\USUARIOF\DESKTOP\CLASES\SEXTO CICLO\MICROPROCESADORES\PRACTICAS\CODIGOS\PR2\PARTE4\CODIGO.ASM 122 : Found label after column 1. (Espera_Izq)
Warning[207] C:\USERS\USUARIOF\DESKTOP\CLASES\SEXTO CICLO\MICROPROCESADORES\PRACTICAS\CODIGOS\PR2\PARTE4\CODIGO.ASM 136 : Found label after column 1. (Ola_Hacia_Der)
Warning[207] C:\USERS\USUARIOF\DESKTOP\CLASES\SEXTO CICLO\MICROPROCESADORES\PRACTICAS\CODIGOS\PR2\PARTE4\CODIGO.ASM 142 : Found label after column 1. (Espera_Der)
Warning[207] C:\USERS\USUARIOF\DESKTOP\CLASES\SEXTO CICLO\MICROPROCESADORES\PRACTICAS\CODIGOS\PR2\PARTE4\CODIGO.ASM 158 : Found label after column 1. (Detener_Secuencia)
Warning[207] C:\USERS\USUARIOF\DESKTOP\CLASES\SEXTO CICLO\MICROPROCESADORES\PRACTICAS\CODIGOS\PR2\PARTE4\CODIGO.ASM 160 : Found label after column 1. (Boton_S3_D)
Warning[207] C:\USERS\USUARIOF\DESKTOP\CLASES\SEXTO CICLO\MICROPROCESADORES\PRACTICAS\CODIGOS\PR2\PARTE4\CODIGO.ASM 168 : Found label after column 1. (Trans_s2)
Warning[207] C:\USERS\USUARIOF\DESKTOP\CLASES\SEXTO CICLO\MICROPROCESADORES\PRACTICAS\CODIGOS\PR2\PARTE4\CODIGO.ASM 174 : Found label after column 1. (Continuar_s2)
Warning[207] C:\USERS\USUARIOF\DESKTOP\CLASES\SEXTO CICLO\MICROPROCESADORES\PRACTICAS\CODIGOS\PR2\PARTE4\CODIGO.ASM 186 : Found label after column 1. (DelayXms)
Warning[207] C:\USERS\USUARIOF\DESKTOP\CLASES\SEXTO CICLO\MICROPROCESADORES\PRACTICAS\CODIGOS\PR2\PARTE4\CODIGO.ASM 188 : Found label after column 1. (bucleVeces)
Warning[207] C:\USERS\USUARIOF\DESKTOP\CLASES\SEXTO CICLO\MICROPROCESADORES\PRACTICAS\CODIGOS\PR2\PARTE4\CODIGO.ASM 197 : Found label after column 1. (Delay100ms)
Warning[207] C:\USERS\USUARIOF\DESKTOP\CLASES\SEXTO CICLO\MICROPROCESADORES\PRACTICAS\CODIGOS\PR2\PARTE4\CODIGO.ASM 208 : Found label after column 1. (Delay1ms)
Warning[207] C:\USERS\USUARIOF\DESKTOP\CLASES\SEXTO CICLO\MICROPROCESADORES\PRACTICAS\CODIGOS\PR2\PARTE4\CODIGO.ASM 212 : Found label after column 1. (bucle1)
Warning[207] C:\USERS\USUARIOF\DESKTOP\CLASES\SEXTO CICLO\MICROPROCESADORES\PRACTICAS\CODIGOS\PR2\PARTE4\CODIGO.ASM 219 : Found label after column 1. (salir)
Warning[207] C:\USERS\USUARIOF\DESKTOP\CLASES\SEXTO CICLO\MICROPROCESADORES\PRACTICAS\CODIGOS\PR2\PARTE4\CODIGO.ASM 226 : Found label after column 1. (InterrupcionHP)
Warning[207] C:\USERS\USUARIOF\DESKTOP\CLASES\SEXTO CICLO\MICROPROCESADORES\PRACTICAS\CODIGOS\PR2\PARTE4\CODIGO.ASM 254 : Found label after column 1. (Fin_ISR)
