Warning[207] C:\USERS\USUARIOF\DESKTOP\CLASES\6 SEXTO CICLO\MICROPROCESADORES\PRACTICAS\CODIGOS\PR2\PARTE1\CODIGO.ASM 11 : Found label after column 1. (Contador1)
Warning[207] C:\USERS\USUARIOF\DESKTOP\CLASES\6 SEXTO CICLO\MICROPROCESADORES\PRACTICAS\CODIGOS\PR2\PARTE1\CODIGO.ASM 12 : Found label after column 1. (Contador2)
Warning[207] C:\USERS\USUARIOF\DESKTOP\CLASES\6 SEXTO CICLO\MICROPROCESADORES\PRACTICAS\CODIGOS\PR2\PARTE1\CODIGO.ASM 13 : Found label after column 1. (ContaDelay100)
Warning[207] C:\USERS\USUARIOF\DESKTOP\CLASES\6 SEXTO CICLO\MICROPROCESADORES\PRACTICAS\CODIGOS\PR2\PARTE1\CODIGO.ASM 14 : Found label after column 1. (Xveces)
Warning[207] C:\USERS\USUARIOF\DESKTOP\CLASES\6 SEXTO CICLO\MICROPROCESADORES\PRACTICAS\CODIGOS\PR2\PARTE1\CODIGO.ASM 15 : Found label after column 1. (ContadorInicio)
Warning[207] C:\USERS\USUARIOF\DESKTOP\CLASES\6 SEXTO CICLO\MICROPROCESADORES\PRACTICAS\CODIGOS\PR2\PARTE1\CODIGO.ASM 16 : Found label after column 1. (Sentido)
Warning[207] C:\USERS\USUARIOF\DESKTOP\CLASES\6 SEXTO CICLO\MICROPROCESADORES\PRACTICAS\CODIGOS\PR2\PARTE1\CODIGO.ASM 26 : Found label after column 1. (Inicio)
Warning[207] C:\USERS\USUARIOF\DESKTOP\CLASES\6 SEXTO CICLO\MICROPROCESADORES\PRACTICAS\CODIGOS\PR2\PARTE1\CODIGO.ASM 51 : Found label after column 1. (BucleInicio)
Warning[207] C:\USERS\USUARIOF\DESKTOP\CLASES\6 SEXTO CICLO\MICROPROCESADORES\PRACTICAS\CODIGOS\PR2\PARTE1\CODIGO.ASM 63 : Found label after column 1. (EncuestaON)
Warning[207] C:\USERS\USUARIOF\DESKTOP\CLASES\6 SEXTO CICLO\MICROPROCESADORES\PRACTICAS\CODIGOS\PR2\PARTE1\CODIGO.ASM 67 : Found label after column 1. (Est_transistorio)
Warning[207] C:\USERS\USUARIOF\DESKTOP\CLASES\6 SEXTO CICLO\MICROPROCESADORES\PRACTICAS\CODIGOS\PR2\PARTE1\CODIGO.ASM 75 : Found label after column 1. (Ola_Hacia_Izq)
Warning[207] C:\USERS\USUARIOF\DESKTOP\CLASES\6 SEXTO CICLO\MICROPROCESADORES\PRACTICAS\CODIGOS\PR2\PARTE1\CODIGO.ASM 87 : Found label after column 1. (Ola_Hacia_Der)
Warning[207] C:\USERS\USUARIOF\DESKTOP\CLASES\6 SEXTO CICLO\MICROPROCESADORES\PRACTICAS\CODIGOS\PR2\PARTE1\CODIGO.ASM 101 : Found label after column 1. (Detener_Secuencia)
Warning[207] C:\USERS\USUARIOF\DESKTOP\CLASES\6 SEXTO CICLO\MICROPROCESADORES\PRACTICAS\CODIGOS\PR2\PARTE1\CODIGO.ASM 103 : Found label after column 1. (Boton_S3_D)
Warning[207] C:\USERS\USUARIOF\DESKTOP\CLASES\6 SEXTO CICLO\MICROPROCESADORES\PRACTICAS\CODIGOS\PR2\PARTE1\CODIGO.ASM 109 : Found label after column 1. (Trans_s2)
Warning[207] C:\USERS\USUARIOF\DESKTOP\CLASES\6 SEXTO CICLO\MICROPROCESADORES\PRACTICAS\CODIGOS\PR2\PARTE1\CODIGO.ASM 113 : Found label after column 1. (Continuar_s2)
Warning[207] C:\USERS\USUARIOF\DESKTOP\CLASES\6 SEXTO CICLO\MICROPROCESADORES\PRACTICAS\CODIGOS\PR2\PARTE1\CODIGO.ASM 123 : Found label after column 1. (DelayXms)
Warning[207] C:\USERS\USUARIOF\DESKTOP\CLASES\6 SEXTO CICLO\MICROPROCESADORES\PRACTICAS\CODIGOS\PR2\PARTE1\CODIGO.ASM 125 : Found label after column 1. (bucleVeces)
Warning[207] C:\USERS\USUARIOF\DESKTOP\CLASES\6 SEXTO CICLO\MICROPROCESADORES\PRACTICAS\CODIGOS\PR2\PARTE1\CODIGO.ASM 134 : Found label after column 1. (Delay100ms)
Warning[207] C:\USERS\USUARIOF\DESKTOP\CLASES\6 SEXTO CICLO\MICROPROCESADORES\PRACTICAS\CODIGOS\PR2\PARTE1\CODIGO.ASM 145 : Found label after column 1. (Delay1ms)
Warning[207] C:\USERS\USUARIOF\DESKTOP\CLASES\6 SEXTO CICLO\MICROPROCESADORES\PRACTICAS\CODIGOS\PR2\PARTE1\CODIGO.ASM 149 : Found label after column 1. (bucle1)
Warning[207] C:\USERS\USUARIOF\DESKTOP\CLASES\6 SEXTO CICLO\MICROPROCESADORES\PRACTICAS\CODIGOS\PR2\PARTE1\CODIGO.ASM 156 : Found label after column 1. (salir)
