Warning[207] C:\USERS\USUARIOF\DESKTOP\CLASES\6 SEXTO CICLO\MICROPROCESADORES\PRACTICAS\CODIGOS\PR2\PARTE3\CODIGO.ASM 11 : Found label after column 1. (Contador1)
Warning[207] C:\USERS\USUARIOF\DESKTOP\CLASES\6 SEXTO CICLO\MICROPROCESADORES\PRACTICAS\CODIGOS\PR2\PARTE3\CODIGO.ASM 12 : Found label after column 1. (Contador2)
Warning[207] C:\USERS\USUARIOF\DESKTOP\CLASES\6 SEXTO CICLO\MICROPROCESADORES\PRACTICAS\CODIGOS\PR2\PARTE3\CODIGO.ASM 13 : Found label after column 1. (ContaDelay100)
Warning[207] C:\USERS\USUARIOF\DESKTOP\CLASES\6 SEXTO CICLO\MICROPROCESADORES\PRACTICAS\CODIGOS\PR2\PARTE3\CODIGO.ASM 14 : Found label after column 1. (Xveces)
Warning[207] C:\USERS\USUARIOF\DESKTOP\CLASES\6 SEXTO CICLO\MICROPROCESADORES\PRACTICAS\CODIGOS\PR2\PARTE3\CODIGO.ASM 15 : Found label after column 1. (ContadorInicio)
Warning[207] C:\USERS\USUARIOF\DESKTOP\CLASES\6 SEXTO CICLO\MICROPROCESADORES\PRACTICAS\CODIGOS\PR2\PARTE3\CODIGO.ASM 16 : Found label after column 1. (Sentido)
Warning[207] C:\USERS\USUARIOF\DESKTOP\CLASES\6 SEXTO CICLO\MICROPROCESADORES\PRACTICAS\CODIGOS\PR2\PARTE3\CODIGO.ASM 17 : Found label after column 1. (Contador15s)
Warning[207] C:\USERS\USUARIOF\DESKTOP\CLASES\6 SEXTO CICLO\MICROPROCESADORES\PRACTICAS\CODIGOS\PR2\PARTE3\CODIGO.ASM 18 : Found label after column 1. (Flag)
Warning[207] C:\USERS\USUARIOF\DESKTOP\CLASES\6 SEXTO CICLO\MICROPROCESADORES\PRACTICAS\CODIGOS\PR2\PARTE3\CODIGO.ASM 30 : Found label after column 1. (Inicio)
Warning[207] C:\USERS\USUARIOF\DESKTOP\CLASES\6 SEXTO CICLO\MICROPROCESADORES\PRACTICAS\CODIGOS\PR2\PARTE3\CODIGO.ASM 82 : Found label after column 1. (BucleInicio)
Warning[207] C:\USERS\USUARIOF\DESKTOP\CLASES\6 SEXTO CICLO\MICROPROCESADORES\PRACTICAS\CODIGOS\PR2\PARTE3\CODIGO.ASM 94 : Found label after column 1. (Reiniciar_Todo)
Warning[207] C:\USERS\USUARIOF\DESKTOP\CLASES\6 SEXTO CICLO\MICROPROCESADORES\PRACTICAS\CODIGOS\PR2\PARTE3\CODIGO.ASM 100 : Found label after column 1. (EncuestaON)
Warning[207] C:\USERS\USUARIOF\DESKTOP\CLASES\6 SEXTO CICLO\MICROPROCESADORES\PRACTICAS\CODIGOS\PR2\PARTE3\CODIGO.ASM 104 : Found label after column 1. (Est_transistorio)
Warning[207] C:\USERS\USUARIOF\DESKTOP\CLASES\6 SEXTO CICLO\MICROPROCESADORES\PRACTICAS\CODIGOS\PR2\PARTE3\CODIGO.ASM 113 : Found label after column 1. (Ola_Hacia_Izq)
Warning[207] C:\USERS\USUARIOF\DESKTOP\CLASES\6 SEXTO CICLO\MICROPROCESADORES\PRACTICAS\CODIGOS\PR2\PARTE3\CODIGO.ASM 119 : Found label after column 1. (Espera_Izq)
Warning[207] C:\USERS\USUARIOF\DESKTOP\CLASES\6 SEXTO CICLO\MICROPROCESADORES\PRACTICAS\CODIGOS\PR2\PARTE3\CODIGO.ASM 133 : Found label after column 1. (Ola_Hacia_Der)
Warning[207] C:\USERS\USUARIOF\DESKTOP\CLASES\6 SEXTO CICLO\MICROPROCESADORES\PRACTICAS\CODIGOS\PR2\PARTE3\CODIGO.ASM 139 : Found label after column 1. (Espera_Der)
Warning[207] C:\USERS\USUARIOF\DESKTOP\CLASES\6 SEXTO CICLO\MICROPROCESADORES\PRACTICAS\CODIGOS\PR2\PARTE3\CODIGO.ASM 155 : Found label after column 1. (Detener_Secuencia)
Warning[207] C:\USERS\USUARIOF\DESKTOP\CLASES\6 SEXTO CICLO\MICROPROCESADORES\PRACTICAS\CODIGOS\PR2\PARTE3\CODIGO.ASM 157 : Found label after column 1. (Boton_S3_D)
Warning[207] C:\USERS\USUARIOF\DESKTOP\CLASES\6 SEXTO CICLO\MICROPROCESADORES\PRACTICAS\CODIGOS\PR2\PARTE3\CODIGO.ASM 165 : Found label after column 1. (Trans_s2)
Warning[207] C:\USERS\USUARIOF\DESKTOP\CLASES\6 SEXTO CICLO\MICROPROCESADORES\PRACTICAS\CODIGOS\PR2\PARTE3\CODIGO.ASM 171 : Found label after column 1. (Continuar_s2)
Warning[207] C:\USERS\USUARIOF\DESKTOP\CLASES\6 SEXTO CICLO\MICROPROCESADORES\PRACTICAS\CODIGOS\PR2\PARTE3\CODIGO.ASM 183 : Found label after column 1. (DelayXms)
Warning[207] C:\USERS\USUARIOF\DESKTOP\CLASES\6 SEXTO CICLO\MICROPROCESADORES\PRACTICAS\CODIGOS\PR2\PARTE3\CODIGO.ASM 185 : Found label after column 1. (bucleVeces)
Warning[207] C:\USERS\USUARIOF\DESKTOP\CLASES\6 SEXTO CICLO\MICROPROCESADORES\PRACTICAS\CODIGOS\PR2\PARTE3\CODIGO.ASM 194 : Found label after column 1. (Delay100ms)
Warning[207] C:\USERS\USUARIOF\DESKTOP\CLASES\6 SEXTO CICLO\MICROPROCESADORES\PRACTICAS\CODIGOS\PR2\PARTE3\CODIGO.ASM 205 : Found label after column 1. (Delay1ms)
Warning[207] C:\USERS\USUARIOF\DESKTOP\CLASES\6 SEXTO CICLO\MICROPROCESADORES\PRACTICAS\CODIGOS\PR2\PARTE3\CODIGO.ASM 209 : Found label after column 1. (bucle1)
Warning[207] C:\USERS\USUARIOF\DESKTOP\CLASES\6 SEXTO CICLO\MICROPROCESADORES\PRACTICAS\CODIGOS\PR2\PARTE3\CODIGO.ASM 216 : Found label after column 1. (salir)
Warning[207] C:\USERS\USUARIOF\DESKTOP\CLASES\6 SEXTO CICLO\MICROPROCESADORES\PRACTICAS\CODIGOS\PR2\PARTE3\CODIGO.ASM 223 : Found label after column 1. (InterrupcionHP)
Warning[207] C:\USERS\USUARIOF\DESKTOP\CLASES\6 SEXTO CICLO\MICROPROCESADORES\PRACTICAS\CODIGOS\PR2\PARTE3\CODIGO.ASM 244 : Found label after column 1. (Fin_ISR)
