MPASM  5.51                        CODIGO.ASM   5-22-2026  18:08:20         PAGE  1


LOC  OBJECT CODE     LINE SOURCE TEXT
  VALUE

                      00001         ; PRACTICA 2 - MICROCONTROLADORES
                      00002         ; PARTE 3: Secuencia Ola con Temporizador de 15 Segundos
                      00003         ; MARZO-AGOSTO 2026
                      00004         ; Jaime Chiqui
                      00005         
                      00006         ;******************************************* ; Program Header **********************************
                            *************************
                      00007                 LIST p=18f4550                  ;Especifica el dispositivo
                      00008                 #include "p18f4550.inc" ;traducción de variables a memoria
                      00001         LIST
                      00002 
                      00003 ;==========================================================================
                      00004 ;  MPASM PIC18F4550 processor include
                      00005 ; 
                      00006 ;  (c) Copyright 1999-2013 Microchip Technology, All rights reserved
                      00007 ;==========================================================================
                      00008 
                      01764         LIST
                      00009         ;*********************************** 
                      00010         ;***** DECLARACIÓN VARIABLES ******
Warning[207]: Found label after column 1. (Contador1)
  00000000            00011         Contador1               equ     0x00
Warning[207]: Found label after column 1. (Contador2)
  00000001            00012         Contador2               equ 0x01
Warning[207]: Found label after column 1. (ContaDelay100)
  00000002            00013         ContaDelay100   equ 0x02
Warning[207]: Found label after column 1. (Xveces)
  00000003            00014         Xveces                  equ 0x03        ; Timers manuales
Warning[207]: Found label after column 1. (ContadorInicio)
  00000004            00015         ContadorInicio  equ 0x04        ; Cuenta 20 veces ON/OFF led piloto 
Warning[207]: Found label after column 1. (Sentido)
  00000005            00016         Sentido         equ 0x05        ; Sentido izq. o der. de la ola de leds
Warning[207]: Found label after column 1. (Contador15s)
  00000006            00017         Contador15s     equ 0x06    ; Cuenta 30 interrupciones (15 seg)
Warning[207]: Found label after column 1. (Flag)
  00000007            00018         Flag            equ 0x07    ; 0=Conteo ON, 1=OFF(Ya esta los 15 seg)
                      00019         ;**********************************
                      00020         
                      00021         ;----- Definición de Vectores --------------
                      00022                 org             0x00    ; Vector de Inicio / reset
000000 EF?? F???      00023                 goto    Inicio
                      00024         ;-------------------------------------------
                      00025                 org     0x08    ; Vect. interr. HP
000008 EF?? F???      00026                 goto    InterrupcionHP  
                      00027 
                      00028         ; ++++ INICIO DEL PROGRAMA +++++++++++++++++
                      00029                 org     0x20    ; Dónde comienza el programa 
Warning[207]: Found label after column 1. (Inicio)
000020                00030         Inicio:
                      00031         
                      00032         ;##############################################
                      00033         ; Configuración de periféricos
                      00034         ; --------------------------------------------
MPASM  5.51                        CODIGO.ASM   5-22-2026  18:08:20         PAGE  2


LOC  OBJECT CODE     LINE SOURCE TEXT
  VALUE

                      00035                 ; CONFIGURACION DE ENTRADA/SALIDA
                      00036                 ;........................................
000020 9094           00037                 BCF             TRISC,0         ; Apaga LED piloto
000022 6A95           00038                 CLRF    TRISD           ; Puerto D como salida
000024 9094           00039                 BCF     TRISC, 0    ; RC0 salida (LED piloto)
000026 6A8C           00040                 CLRF    LATD        ; Apaga LEDs
000028 966D           00041                 BCF             UCON,3          ;RC4 Y RC5 ENTRADAS
00002A 866F           00042                 BSF             UCFG,3      ;ESPECIAL DE RC4-RC5
                      00043                 ; ---------------------------------------
                      00044                 ; CONFIGURACION DEL TIMER0
                      00045                 ;........................................
                      00046                         ; Configurar bit a bit (no recomendable)
00002C 9ED5           00047                 BCF             T0CON, TMR0ON   ; Apaga TMRO (USA TMR0ON O 7: T0CON, 7)
00002E 9CD5           00048                 BCF             T0CON, T08BIT   ; TMR0 A 16 Bits
000030 9AD5           00049                 BCF             T0CON, T0CS             ; TMR0 - MODO TIMER (no pull up)
                      00050         
000032 96D5           00051                 BCF             T0CON, PSA              ; Prescaler SI
000034 84D5           00052                 BSF             T0CON, T0PS2    ; Prescaler 256
000036 82D5           00053                 BSF             T0CON, T0PS1    ;
000038 80D5           00054                 BSF             T0CON, T0PS0    ; 
                      00055         
                      00056                 ; ------------------------------------------
                      00057                 ; CONFIGURACION DE INTERRUPCIONES
                      00058                 ;........................................
00003A 8EF2           00059                 BSF             INTCON, GIE             ; Enceneder todas las interrupciones
00003C 8CF2           00060                 BSF             INTCON, PEIE    ; Prendo Interr. PERIFERICOS
00003E 8AF2           00061                 BSF             INTCON, TMR0IE  ; Prendi Interr. T0
                      00062                 
                      00063         ;--- INICIALIZACIÓN DE VARIABLES ------
000040 0EC6           00064                 MOVLW   d'198'                  ;W = 198
000042 6E00           00065                 MOVWF   Contador1               ;Contador1 = 10
000044 0E15           00066                 MOVLW   d'21'                   ;W = 21
000046 6E01           00067                 MOVWF   Contador2               ;Contador2 = 10
000048 0E14           00068                 MOVLW   d'20'            
00004A 6E04           00069         MOVWF   ContadorInicio  ;RC0 parpadea 20 veces / 50 ms
00004C 0E64           00070                 MOVLW   d'100'
00004E 6E02           00071                 MOVWF   ContaDelay100
                      00072                 
                      00073                 ;--- Valores del TMR0 --
000050 0ED9           00074                 MOVLW   0xD9            ; 65535 (55769)  ---> CAMBIA HEXADECIMAL
000052 6ED7           00075                 MOVWF   TMR0H           ; PARTRE ALTA 16 BITS
000054 0EDA           00076                 MOVLW   0xDA            ; AL CAMBIAR CF A D5 ESTE CUENTA MENOS YA SI
000056 6ED6           00077                 MOVWF   TMR0L           ; PARTRE BAJA 16 BITS
                      00078 
000058 8ED5           00079                 BSF     T0CON, TMR0ON   ; Enciende el TMR0
                      00080 
                      00081 ;------- SECUENCIA DE INICIO -------
Warning[207]: Found label after column 1. (BucleInicio)
00005A                00082         BucleInicio:
00005A 808B           00083             BSF     LATC, 0          ; Enciende LED RC0-Led_piloto
00005C 0E32           00084             MOVLW   d'50'
00005E EC?? F???      00085             CALL    DelayXms
000062 908B           00086             BCF     LATC, 0          ; Apaga LED RC0-Led_piloto
MPASM  5.51                        CODIGO.ASM   5-22-2026  18:08:20         PAGE  3


LOC  OBJECT CODE     LINE SOURCE TEXT
  VALUE

000064 0E32           00087             MOVLW   d'50'
000066 EC?? F???      00088             CALL    DelayXms
00006A 2E04           00089             DECFSZ  ContadorInicio, 1 ; Decrementa y salta si es cero
00006C EF?? F???      00090             GOTO    BucleInicio
                      00091             
000070 808B           00092             BSF      LATC, 0          ; RC0-Led_piloto ENCENDIDO
                      00093 ;--------------------------------------
Warning[207]: Found label after column 1. (Reiniciar_Todo)
000072                00094         Reiniciar_Todo:
000072 6A8C           00095                 CLRF    LATD            ; Apaga todos los LEDs del Puerto D
000074 6A07           00096                 CLRF    Flag            ; Limpia 
000076 0E1E           00097                 MOVLW   d'30'
000078 6E06           00098                 MOVWF   Contador15s     ; 30 interrupciones para los 15s
                      00099 ;--------------------------------------
Warning[207]: Found label after column 1. (EncuestaON)
00007A                00100         EncuestaON:                                     ; Espera a S2 para iniciar secuencia
00007A B882           00101                 BTFSC   PORTC, 4
00007C EF?? F???      00102                 GOTO    EncuestaON
000080 EC?? F???      00103                 CALL    Delay100ms 
Warning[207]: Found label after column 1. (Est_transistorio)
000084                00104         Est_transistorio:               ; °Esperar a que suelte S2
000084 A882           00105             BTFSS   PORTC, 4
000086 EF?? F???      00106             GOTO    Est_transistorio
                      00107         
                      00108         ;******* SECUENCIA OLA *********** ; °°°° Inicio de la secuencia solicitada
00008A 0E03           00109                 MOVLW   b'00000011'     ; LED izq ON (rojos) siempre encendido
00008C 6E8C           00110                 MOVWF   LATD
00008E 8007           00111                 BSF     Flag, 0         ; 0: Interr. empieza a contar
                      00112 
Warning[207]: Found label after column 1. (Ola_Hacia_Izq)
000090                00113         Ola_Hacia_Izq:
000090 B207           00114                 BTFSC   Flag, 1     
000092 EF?? F???      00115                 GOTO    Reiniciar_Todo  
                      00116                 
000096 0E64           00117                 MOVLW   d'100'          
000098 6E03           00118                 MOVWF   Xveces          
Warning[207]: Found label after column 1. (Espera_Izq)
00009A                00119         Espera_Izq:
                      00120         
00009A EC?? F???      00121                 CALL    Delay1ms        ; Espera 1ms
00009E AA82           00122                 BTFSS   PORTC, 5        ; Revisa S3 cada milisegundo
0000A0 EF?? F???      00123                 GOTO    Detener_Secuencia 
0000A4 2E03           00124                 DECFSZ  Xveces, 1       
0000A6 EF?? F???      00125                 GOTO    Espera_Izq
                      00126 
0000AA 9005           00127                 BCF     Sentido, 0              ; bandera indicar sent. izq.
                      00128 
0000AC 468C           00129                 RLNCF   LATD, 1         ; Rota la luz a la izquierda
0000AE AE8C           00130                 BTFSS   LATD, 7         ; 10000000 (bit 7 en 1)
0000B0 EF?? F???      00131                 GOTO    Ola_Hacia_Izq   ;
                      00132                 
Warning[207]: Found label after column 1. (Ola_Hacia_Der)
0000B4                00133         Ola_Hacia_Der:
MPASM  5.51                        CODIGO.ASM   5-22-2026  18:08:20         PAGE  4


LOC  OBJECT CODE     LINE SOURCE TEXT
  VALUE

0000B4 B207           00134                 BTFSC   Flag, 1     
0000B6 EF?? F???      00135                 GOTO    Reiniciar_Todo  
                      00136 
0000BA 0E64           00137                 MOVLW   d'100'          
0000BC 6E03           00138                 MOVWF   Xveces          
Warning[207]: Found label after column 1. (Espera_Der)
0000BE                00139         Espera_Der:
0000BE EC?? F???      00140                 CALL    Delay1ms        ; Espera 1ms
0000C2 AA82           00141                 BTFSS   PORTC, 5        ; Revisa S3 cada milisegundo
0000C4 EF?? F???      00142                 GOTO    Detener_Secuencia 
0000C8 2E03           00143                 DECFSZ  Xveces, 1       
0000CA EF?? F???      00144                 GOTO    Espera_Der
                      00145 
0000CE 8005           00146                 BSF     Sentido, 0              ; bandera indicar sent. DER.
                      00147 
0000D0 428C           00148                 RRNCF   LATD, 1         ; Rota la luz a la derecha
0000D2 A08C           00149                 BTFSS   LATD, 0         ; 00000001  (bit 0 es 1)
0000D4 EF?? F???      00150                 GOTO    Ola_Hacia_Der   
                      00151                 
0000D8 EF?? F???      00152                 GOTO    Ola_Hacia_Izq   ; Repite la Ola
                      00153 
                      00154 ; -------------------- DETENER Y NO OFF
Warning[207]: Found label after column 1. (Detener_Secuencia)
0000DC                00155         Detener_Secuencia:
0000DC EC?? F???      00156                 CALL    Delay100ms      ; Anti-rebote
Warning[207]: Found label after column 1. (Boton_S3_D)
0000E0                00157         Boton_S3_D:
0000E0 B207           00158                 BTFSC   Flag, 1         ; Tiempo pasado incluso en pausa
0000E2 EF?? F???      00159                 GOTO    Reiniciar_Todo
0000E6 AA82           00160                 BTFSS   PORTC, 5                ; Espera que se suelte S3
0000E8 EF?? F???      00161                 GOTO    Boton_S3_D
                      00162 
                      00163 
                      00164 ; -------------------- CONTINUA S2
Warning[207]: Found label after column 1. (Trans_s2)
0000EC                00165         Trans_s2:
0000EC B207           00166                 BTFSC   Flag, 1     
0000EE EF?? F???      00167                 GOTO    Reiniciar_Todo
0000F2 B882           00168                 BTFSC   PORTC, 4
0000F4 EF?? F???      00169                 GOTO    Trans_s2
0000F8 EC?? F???      00170                 CALL    Delay100ms      ; Anti-rebote
Warning[207]: Found label after column 1. (Continuar_s2)
0000FC                00171         Continuar_s2:
0000FC B207           00172                 BTFSC   Flag, 1     
0000FE EF?? F???      00173                 GOTO    Reiniciar_Todo 
000102 A882           00174                 BTFSS   PORTC, 4                
000104 EF?? F???      00175                 GOTO    Continuar_s2
                      00176                 
000108 B005           00177                 BTFSC   Sentido, 0      ; Esta en dir. derecha
00010A EF?? F???      00178                 GOTO    Ola_Hacia_Der   ; va a derecha
00010E EF?? F???      00179                 GOTO    Ola_Hacia_Izq   ; No, va a izquierda
                      00180         
                      00181         ;++++++ DELAY DE X[ms] +++++++++++++++++++
MPASM  5.51                        CODIGO.ASM   5-22-2026  18:08:20         PAGE  5


LOC  OBJECT CODE     LINE SOURCE TEXT
  VALUE

                      00182         ;Deberia llamar a Delay1ms, Xveces
Warning[207]: Found label after column 1. (DelayXms)
000112                00183         DelayXms:
000112 6E03           00184                 MOVWF   Xveces
Warning[207]: Found label after column 1. (bucleVeces)
000114                00185         bucleVeces:
000114 EC?? F???      00186                 CALL    Delay1ms
000118 2E03           00187                 DECFSZ  Xveces,1
00011A EF?? F???      00188                 GOTO    bucleVeces
                      00189         
00011E 0012           00190                 return
                      00191         ;+++++++++++++++++++++++++++++++++++++++        
                      00192                 
                      00193         ;++++++ DELAY DE 100MS +++++++++++++++++++
Warning[207]: Found label after column 1. (Delay100ms)
000120                00194         Delay100ms:
000120 EC?? F???      00195                 CALL    Delay1ms
000124 2E02           00196                 DECFSZ  ContaDelay100,1
000126 EF?? F???      00197                 GOTO    Delay100ms
                      00198                 ;Reinicio ContaDelay100 = 100
00012A 0E64           00199                 MOVLW   d'100'  ;W=100
00012C 6E02           00200                 MOVWF   ContaDelay100
                      00201         
00012E 0012           00202                 return
                      00203         ;+++++++++++++++++++++++++++++++++++++++        
                      00204         ;++++++ DELAY DE 1MS +++++++++++++++++++
Warning[207]: Found label after column 1. (Delay1ms)
000130                00205         Delay1ms:       
000130 2E01           00206                 DECFSZ  Contador2,1
000132 EF?? F???      00207                 GOTO    bucle1  
000136 EF?? F???      00208                 GOTO    salir
Warning[207]: Found label after column 1. (bucle1)
00013A                00209         bucle1:         
00013A 2E00           00210                 DECFSZ  Contador1,1
00013C EF?? F???      00211                 GOTO    bucle1
                      00212                 
000140 0EC6           00213                 MOVLW   d'198'          ;W = 198
000142 6E00           00214                 MOVWF   Contador1       ;Contador1 = 198
000144 EF?? F???      00215                 GOTO    Delay1ms
Warning[207]: Found label after column 1. (salir)
000148                00216         salir:
000148 0E15           00217                 MOVLW   d'21'           ;W = 21
00014A 6E01           00218                 MOVWF   Contador2       ;Contador2 = 10
00014C 0012           00219                 return
                      00220         ;+++++++++++++++++++++++++++++++++++++++
                      00221 
                      00222         ; *************INTERRUPCION_HP***********
Warning[207]: Found label after column 1. (InterrupcionHP)
00014E                00223         InterrupcionHP:
                      00224                 ; Complementa LED RC0 (D9)
00014E 708B           00225         BTG     LATC, 0           ; Toggle LED piloto 1 Hz
000150 94F2           00226                 BCF             INTCON, TMR0IF    ; OFF bandera IT TIMER
                      00227         
MPASM  5.51                        CODIGO.ASM   5-22-2026  18:08:20         PAGE  6


LOC  OBJECT CODE     LINE SOURCE TEXT
  VALUE

000152 0ED9           00228                 MOVLW   0xD9            ; 65535 (55769)  ---> CAMBIA HEXADECIMAL
000154 6ED7           00229                 MOVWF   TMR0H           ; PARTRE ALTA 16 BITS
000156 0EDA           00230                 MOVLW   0xDA            ; AL CAMBIAR CF A D5 ESTE CUENTA MENOS Y ASI
000158 6ED6           00231                 MOVWF   TMR0L           ; PARTRE BAJA 16 BITS
                      00232 
                      00233                 ; -------- 15 seg:
00015A A007           00234                 BTFSS   Flag, 0           ; Esta On en conteo
00015C EF?? F???      00235                 GOTO    Fin_ISR           ; No hay que contar: sale programa
                      00236 
000160 2E06           00237                 DECFSZ  Contador15s, 1    ; Sí: decrementa Contador.
000162 EF?? F???      00238                 GOTO    Fin_ISR           ; No llegó a 0: sale
                      00239 
                      00240                 ; °°°°°°° Cont. en 0 = pasaron 15 segundos exactos
000166 9007           00241                 BCF     Flag, 0       ; 0: detiene el conteo
000168 8207           00242                 BSF     Flag, 1           ; Continua contando
                      00243 
Warning[207]: Found label after column 1. (Fin_ISR)
00016A                00244         Fin_ISR:
00016A 0010           00245                 RETFIE              ; Regresa de interrupción
                      00246         ;+++++++++++++++++++++++++++++++++++++++        
                      00247         end
MPASM  5.51                        CODIGO.ASM   5-22-2026  18:08:20         PAGE  7


SYMBOL TABLE
  LABEL                             VALUE 

A                                 00000000
ABDEN                             00000000
ABDOVF                            00000007
ACCESS                            00000000
ACKDT                             00000005
ACKEN                             00000004
ACKSTAT                           00000006
ACQT0                             00000003
ACQT1                             00000004
ACQT2                             00000005
ACTVIE                            00000002
ACTVIF                            00000002
ADCON0                            00000FC2
ADCON1                            00000FC1
ADCON2                            00000FC0
ADCS0                             00000000
ADCS1                             00000001
ADCS2                             00000002
ADDEN                             00000003
ADDR0                             00000000
ADDR1                             00000001
ADDR2                             00000002
ADDR3                             00000003
ADDR4                             00000004
ADDR5                             00000005
ADDR6                             00000006
ADEN                              00000003
ADFM                              00000007
ADIE                              00000006
ADIF                              00000006
ADIP                              00000006
ADON                              00000000
ADRES                             00000FC3
ADRESH                            00000FC4
ADRESL                            00000FC3
AN0                               00000000
AN1                               00000001
AN2                               00000002
AN3                               00000003
AN4                               00000005
BANKED                            00000001
BAUDCON                           00000FB8
BAUDCTL                           00000FB8
BCLIE                             00000003
BCLIF                             00000003
BCLIP                             00000003
BF                                00000000
BGST                              00000005
BOR                               00000000
BRG16                             00000003
BRGH                              00000002
BSR                               00000FE0
BTOEE                             00000004
MPASM  5.51                        CODIGO.ASM   5-22-2026  18:08:20         PAGE  8


SYMBOL TABLE
  LABEL                             VALUE 

BTOEF                             00000004
BTSEE                             00000007
BTSEF                             00000007
Boton_S3_D                        000000E0
BucleInicio                       0000005A
C                                 00000000
C1INV                             00000004
C1OUT                             00000006
C2INV                             00000005
C2OUT                             00000007
CCP1                              00000002
CCP1AS                            00000FB6
CCP1CON                           00000FBD
CCP1DEL                           00000FB7
CCP1IE                            00000002
CCP1IF                            00000002
CCP1IP                            00000002
CCP1M0                            00000000
CCP1M1                            00000001
CCP1M2                            00000002
CCP1M3                            00000003
CCP2CON                           00000FBA
CCP2IE                            00000000
CCP2IF                            00000000
CCP2IP                            00000000
CCP2M0                            00000000
CCP2M1                            00000001
CCP2M2                            00000002
CCP2M3                            00000003
CCPR1                             00000FBE
CCPR1H                            00000FBF
CCPR1L                            00000FBE
CCPR2                             00000FBB
CCPR2H                            00000FBC
CCPR2L                            00000FBB
CFGS                              00000006
CHS0                              00000002
CHS1                              00000003
CHS2                              00000004
CHS3                              00000005
CIS                               00000003
CK                                00000006
CK1SPP                            00000000
CK2SPP                            00000001
CKE                               00000006
CKP                               00000004
CLK1EN                            00000004
CLKCFG0                           00000006
CLKCFG1                           00000007
CM0                               00000000
CM1                               00000001
CM2                               00000002
CMCON                             00000FB4
MPASM  5.51                        CODIGO.ASM   5-22-2026  18:08:20         PAGE  9


SYMBOL TABLE
  LABEL                             VALUE 

CMIE                              00000006
CMIF                              00000006
CMIP                              00000006
CRC16EE                           00000002
CRC16EF                           00000002
CRC5EE                            00000001
CRC5EF                            00000001
CREN                              00000004
CSEN                              00000005
CSRC                              00000007
CVR0                              00000000
CVR1                              00000001
CVR2                              00000002
CVR3                              00000003
CVRCON                            00000FB5
CVREF                             00000004
CVREN                             00000007
CVROE                             00000006
CVRR                              00000005
CVRSS                             00000004
ContaDelay100                     00000002
Contador1                         00000000
Contador15s                       00000006
Contador2                         00000001
ContadorInicio                    00000004
Continuar_s2                      000000FC
D                                 00000005
DATA_ADDRESS                      00000005
DC                                00000001
DC1B0                             00000004
DC1B1                             00000005
DC2B0                             00000004
DC2B1                             00000005
DDRA                              TRISA
DDRB                              TRISB
DDRC                              TRISC
DDRD                              TRISD
DDRE                              TRISE
DFN8EE                            00000003
DFN8EF                            00000003
DIR                               00000002
DONE                              00000001
D_A                               00000005
D_NOT_A                           00000005
Delay100ms                        00000120
Delay1ms                          00000130
DelayXms                          00000112
Detener_Secuencia                 000000DC
ECCP1AS                           00000FB6
ECCP1CON                          00000FBD
ECCP1DEL                          00000FB7
ECCPAS0                           00000004
ECCPAS1                           00000005
MPASM  5.51                        CODIGO.ASM   5-22-2026  18:08:20         PAGE 10


SYMBOL TABLE
  LABEL                             VALUE 

ECCPAS2                           00000006
ECCPASE                           00000007
EEADR                             00000FA9
EECON1                            00000FA6
EECON2                            00000FA7
EEDATA                            00000FA8
EEIE                              00000004
EEIF                              00000004
EEIP                              00000004
EEPGD                             00000007
ENDP0                             00000003
ENDP1                             00000004
ENDP2                             00000005
ENDP3                             00000006
EPCONDIS                          00000003
EPHSHK                            00000004
EPINEN                            00000001
EPOUTEN                           00000002
EPSTALL                           00000000
EncuestaON                        0000007A
Espera_Der                        000000BE
Espera_Izq                        0000009A
Est_transistorio                  00000084
FAST                              00000001
FERR                              00000002
FLTS                              00000002
FREE                              00000004
FRM0                              00000000
FRM1                              00000001
FRM10                             00000002
FRM2                              00000002
FRM3                              00000003
FRM4                              00000004
FRM5                              00000005
FRM6                              00000006
FRM7                              00000007
FRM8                              00000000
FRM9                              00000001
FSEN                              00000002
FSR0                              00000000
FSR0H                             00000FEA
FSR0L                             00000FE9
FSR1                              00000001
FSR1H                             00000FE2
FSR1L                             00000FE1
FSR2                              00000002
FSR2H                             00000FDA
FSR2L                             00000FD9
Fin_ISR                           0000016A
Flag                              00000007
GCEN                              00000007
GIE                               00000007
GIEH                              00000007
MPASM  5.51                        CODIGO.ASM   5-22-2026  18:08:20         PAGE 11


SYMBOL TABLE
  LABEL                             VALUE 

GIEL                              00000006
GIE_GIEH                          00000007
GO                                00000001
GO_DONE                           00000001
GO_NOT_DONE                       00000001
HLVDCON                           00000FD2
HLVDEN                            00000004
HLVDIE                            00000002
HLVDIF                            00000002
HLVDIN                            00000005
HLVDIP                            00000002
HLVDL0                            00000000
HLVDL1                            00000001
HLVDL2                            00000002
HLVDL3                            00000003
I2C_DAT                           00000005
I2C_READ                          00000002
I2C_START                         00000003
I2C_STOP                          00000004
IDLEIE                            00000004
IDLEIF                            00000004
IDLEN                             00000007
INDF0                             00000FEF
INDF1                             00000FE7
INDF2                             00000FDF
INT0                              00000000
INT0E                             00000004
INT0F                             00000001
INT0IE                            00000004
INT0IF                            00000001
INT1                              00000001
INT1E                             00000003
INT1F                             00000000
INT1IE                            00000003
INT1IF                            00000000
INT1IP                            00000006
INT1P                             00000006
INT2                              00000002
INT2E                             00000004
INT2F                             00000001
INT2IE                            00000004
INT2IF                            00000001
INT2IP                            00000007
INT2P                             00000007
INTCON                            00000FF2
INTCON2                           00000FF1
INTCON3                           00000FF0
INTEDG0                           00000006
INTEDG1                           00000005
INTEDG2                           00000004
INTSRC                            00000007
IOFS                              00000002
IPEN                              00000007
MPASM  5.51                        CODIGO.ASM   5-22-2026  18:08:20         PAGE 12


SYMBOL TABLE
  LABEL                             VALUE 

IPR1                              00000F9F
IPR2                              00000FA2
IRCF0                             00000004
IRCF1                             00000005
IRCF2                             00000006
IRVST                             00000005
IVRST                             00000005
Inicio                            00000020
InterrupcionHP                    0000014E
LATA                              00000F89
LATA0                             00000000
LATA1                             00000001
LATA2                             00000002
LATA3                             00000003
LATA4                             00000004
LATA5                             00000005
LATA6                             00000006
LATB                              00000F8A
LATB0                             00000000
LATB1                             00000001
LATB2                             00000002
LATB3                             00000003
LATB4                             00000004
LATB5                             00000005
LATB6                             00000006
LATB7                             00000007
LATC                              00000F8B
LATC0                             00000000
LATC1                             00000001
LATC2                             00000002
LATC6                             00000006
LATC7                             00000007
LATD                              00000F8C
LATD0                             00000000
LATD1                             00000001
LATD2                             00000002
LATD3                             00000003
LATD4                             00000004
LATD5                             00000005
LATD6                             00000006
LATD7                             00000007
LATE                              00000F8D
LATE0                             00000000
LATE1                             00000001
LATE2                             00000002
LVDCON                            00000FD2
LVDEN                             00000004
LVDIE                             00000002
LVDIF                             00000002
LVDIN                             00000005
LVDIP                             00000002
LVDL0                             00000000
LVDL1                             00000001
MPASM  5.51                        CODIGO.ASM   5-22-2026  18:08:20         PAGE 13


SYMBOL TABLE
  LABEL                             VALUE 

LVDL2                             00000002
LVDL3                             00000003
LVV0                              00000000
LVV1                              00000001
LVV2                              00000002
LVV3                              00000003
N                                 00000004
NOT_A                             00000005
NOT_ADDRESS                       00000005
NOT_BOR                           00000000
NOT_DONE                          00000001
NOT_IPEN                          00000007
NOT_PD                            00000002
NOT_POR                           00000001
NOT_RBPU                          00000007
NOT_RI                            00000004
NOT_T1SYNC                        00000002
NOT_T3SYNC                        00000002
NOT_TO                            00000003
NOT_W                             00000002
NOT_WRITE                         00000002
OERR                              00000001
OESPP                             00000002
OSC2                              00000006
OSCCON                            00000FD3
OSCFIE                            00000007
OSCFIF                            00000007
OSCFIP                            00000007
OSCTUNE                           00000F9B
OSTS                              00000003
OV                                00000003
Ola_Hacia_Der                     000000B4
Ola_Hacia_Izq                     00000090
P                                 00000004
P1A                               00000002
P1M0                              00000006
P1M1                              00000007
PC                                00000FF9
PCFG0                             00000000
PCFG1                             00000001
PCFG2                             00000002
PCFG3                             00000003
PCL                               00000FF9
PCLATH                            00000FFA
PCLATU                            00000FFB
PD                                00000002
PDC0                              00000000
PDC1                              00000001
PDC2                              00000002
PDC3                              00000003
PDC4                              00000004
PDC5                              00000005
PDC6                              00000006
MPASM  5.51                        CODIGO.ASM   5-22-2026  18:08:20         PAGE 14


SYMBOL TABLE
  LABEL                             VALUE 

PEIE                              00000006
PEIE_GIEL                         00000006
PEN                               00000002
PGC                               00000006
PGD                               00000007
PGM                               00000005
PIDEE                             00000000
PIDEF                             00000000
PIE1                              00000F9D
PIE2                              00000FA0
PIR1                              00000F9E
PIR2                              00000FA1
PKTDIS                            00000004
PLUSW0                            00000FEB
PLUSW1                            00000FE3
PLUSW2                            00000FDB
POR                               00000001
PORTA                             00000F80
PORTB                             00000F81
PORTC                             00000F82
PORTD                             00000F83
PORTE                             00000F84
POSTDEC0                          00000FED
POSTDEC1                          00000FE5
POSTDEC2                          00000FDD
POSTINC0                          00000FEE
POSTINC1                          00000FE6
POSTINC2                          00000FDE
PPB0                              00000000
PPB1                              00000001
PPBI                              00000001
PPBRST                            00000006
PR2                               00000FCB
PREINC0                           00000FEC
PREINC1                           00000FE4
PREINC2                           00000FDC
PROD                              00000FF3
PRODH                             00000FF4
PRODL                             00000FF3
PRSEN                             00000007
PSA                               00000003
PSSAC0                            00000002
PSSAC1                            00000003
PSSBD0                            00000000
PSSBD1                            00000001
R                                 00000002
RA0                               00000000
RA1                               00000001
RA2                               00000002
RA3                               00000003
RA4                               00000004
RA5                               00000005
RA6                               00000006
MPASM  5.51                        CODIGO.ASM   5-22-2026  18:08:20         PAGE 15


SYMBOL TABLE
  LABEL                             VALUE 

RB0                               00000000
RB1                               00000001
RB2                               00000002
RB3                               00000003
RB4                               00000004
RB5                               00000005
RB6                               00000006
RB7                               00000007
RBIE                              00000003
RBIF                              00000000
RBIP                              00000000
RBPU                              00000007
RC0                               00000000
RC1                               00000001
RC2                               00000002
RC4                               00000004
RC5                               00000005
RC6                               00000006
RC7                               00000007
RCEN                              00000003
RCIDL                             00000006
RCIE                              00000005
RCIF                              00000005
RCIP                              00000005
RCMT                              00000006
RCON                              00000FD0
RCREG                             00000FAE
RCSTA                             00000FAB
RD                                00000000
RD0                               00000000
RD1                               00000001
RD16                              00000007
RD2                               00000002
RD3                               00000003
RD4                               00000004
RD5                               00000005
RD6                               00000006
RD7                               00000007
RDPU                              00000007
RDSPP                             00000007
RE0                               00000000
RE1                               00000001
RE2                               00000002
RE3                               00000003
READ_WRITE                        00000002
RESUME                            00000002
RI                                00000004
RSEN                              00000001
RX                                00000007
RX9                               00000006
RX9D                              00000000
RXDTP                             00000005
R_NOT_W                           00000002
MPASM  5.51                        CODIGO.ASM   5-22-2026  18:08:20         PAGE 16


SYMBOL TABLE
  LABEL                             VALUE 

R_W                               00000002
Reiniciar_Todo                    00000072
S                                 00000003
SBOREN                            00000006
SCKP                              00000004
SCS0                              00000000
SCS1                              00000001
SE0                               00000005
SEN                               00000000
SENDB                             00000003
SMP                               00000007
SOFIE                             00000006
SOFIF                             00000006
SPBRG                             00000FAF
SPBRGH                            00000FB0
SPEN                              00000007
SPP0                              00000000
SPP1                              00000001
SPP2                              00000002
SPP3                              00000003
SPP4                              00000004
SPP5                              00000005
SPP6                              00000006
SPP7                              00000007
SPPBUSY                           00000004
SPPCFG                            00000F63
SPPCON                            00000F65
SPPDATA                           00000F62
SPPEN                             00000000
SPPEPS                            00000F64
SPPIE                             00000007
SPPIF                             00000007
SPPIP                             00000007
SPPOWN                            00000001
SREN                              00000005
SSPADD                            00000FC8
SSPBUF                            00000FC9
SSPCON1                           00000FC6
SSPCON2                           00000FC5
SSPEN                             00000005
SSPIE                             00000003
SSPIF                             00000003
SSPIP                             00000003
SSPM0                             00000000
SSPM1                             00000001
SSPM2                             00000002
SSPM3                             00000003
SSPOV                             00000006
SSPSTAT                           00000FC7
STALLIE                           00000005
STALLIF                           00000005
STATUS                            00000FD8
STKFUL                            00000007
MPASM  5.51                        CODIGO.ASM   5-22-2026  18:08:20         PAGE 17


SYMBOL TABLE
  LABEL                             VALUE 

STKOVF                            00000007
STKPTR                            00000FFC
STKPTR0                           00000000
STKPTR1                           00000001
STKPTR2                           00000002
STKPTR3                           00000003
STKPTR4                           00000004
STKUNF                            00000006
SUSPND                            00000001
SWDTE                             00000000
SWDTEN                            00000000
SYNC                              00000004
Sentido                           00000005
T08BIT                            00000006
T0CKI                             00000004
T0CON                             00000FD5
T0CS                              00000005
T0IE                              00000005
T0IF                              00000002
T0IP                              00000002
T0PS0                             00000000
T0PS1                             00000001
T0PS2                             00000002
T0SE                              00000004
T13CKI                            00000000
T1CKPS0                           00000004
T1CKPS1                           00000005
T1CON                             00000FCD
T1OSCEN                           00000003
T1OSI                             00000001
T1OSO                             00000000
T1RUN                             00000006
T1SYNC                            00000002
T2CKPS0                           00000000
T2CKPS1                           00000001
T2CON                             00000FCA
T2OUTPS0                          00000003
T2OUTPS1                          00000004
T2OUTPS2                          00000005
T2OUTPS3                          00000006
T3CCP1                            00000003
T3CCP2                            00000006
T3CKPS0                           00000004
T3CKPS1                           00000005
T3CON                             00000FB1
T3NSYNC                           00000002
T3SYNC                            00000002
TABLAT                            00000FF5
TBLPTR                            00000FF6
TBLPTRH                           00000FF7
TBLPTRL                           00000FF6
TBLPTRU                           00000FF8
TMR0                              00000FD6
MPASM  5.51                        CODIGO.ASM   5-22-2026  18:08:20         PAGE 18


SYMBOL TABLE
  LABEL                             VALUE 

TMR0H                             00000FD7
TMR0IE                            00000005
TMR0IF                            00000002
TMR0IP                            00000002
TMR0L                             00000FD6
TMR0ON                            00000007
TMR1                              00000FCE
TMR1CS                            00000001
TMR1H                             00000FCF
TMR1IE                            00000000
TMR1IF                            00000000
TMR1IP                            00000000
TMR1L                             00000FCE
TMR1ON                            00000000
TMR2                              00000FCC
TMR2IE                            00000001
TMR2IF                            00000001
TMR2IP                            00000001
TMR2ON                            00000002
TMR3                              00000FB2
TMR3CS                            00000001
TMR3H                             00000FB3
TMR3IE                            00000001
TMR3IF                            00000001
TMR3IP                            00000001
TMR3L                             00000FB2
TMR3ON                            00000000
TO                                00000003
TOS                               00000FFD
TOSH                              00000FFE
TOSL                              00000FFD
TOSU                              00000FFF
TOUTPS0                           00000003
TOUTPS1                           00000004
TOUTPS2                           00000005
TOUTPS3                           00000006
TRISA                             00000F92
TRISA0                            00000000
TRISA1                            00000001
TRISA2                            00000002
TRISA3                            00000003
TRISA4                            00000004
TRISA5                            00000005
TRISA6                            00000006
TRISB                             00000F93
TRISB0                            00000000
TRISB1                            00000001
TRISB2                            00000002
TRISB3                            00000003
TRISB4                            00000004
TRISB5                            00000005
TRISB6                            00000006
TRISB7                            00000007
MPASM  5.51                        CODIGO.ASM   5-22-2026  18:08:20         PAGE 19


SYMBOL TABLE
  LABEL                             VALUE 

TRISC                             00000F94
TRISC0                            00000000
TRISC1                            00000001
TRISC2                            00000002
TRISC6                            00000006
TRISC7                            00000007
TRISD                             00000F95
TRISD0                            00000000
TRISD1                            00000001
TRISD2                            00000002
TRISD3                            00000003
TRISD4                            00000004
TRISD5                            00000005
TRISD6                            00000006
TRISD7                            00000007
TRISE                             00000F96
TRISE0                            00000000
TRISE1                            00000001
TRISE2                            00000002
TRMT                              00000001
TRNIE                             00000003
TRNIF                             00000003
TUN0                              00000000
TUN1                              00000001
TUN2                              00000002
TUN3                              00000003
TUN4                              00000004
TX                                00000006
TX9                               00000006
TX9D                              00000000
TXCKP                             00000004
TXEN                              00000005
TXIE                              00000004
TXIF                              00000004
TXIP                              00000004
TXREG                             00000FAD
TXSTA                             00000FAC
Trans_s2                          000000EC
UA                                00000001
UADDR                             00000F6E
UCFG                              00000F6F
UCON                              00000F6D
UEIE                              00000F6B
UEIR                              00000F6A
UEP0                              00000F70
UEP1                              00000F71
UEP10                             00000F7A
UEP11                             00000F7B
UEP12                             00000F7C
UEP13                             00000F7D
UEP14                             00000F7E
UEP15                             00000F7F
UEP2                              00000F72
MPASM  5.51                        CODIGO.ASM   5-22-2026  18:08:20         PAGE 20


SYMBOL TABLE
  LABEL                             VALUE 

UEP3                              00000F73
UEP4                              00000F74
UEP5                              00000F75
UEP6                              00000F76
UEP7                              00000F77
UEP8                              00000F78
UEP9                              00000F79
UERRIE                            00000001
UERRIF                            00000001
UFRM                              00000F66
UFRMH                             00000F67
UFRML                             00000F66
UIE                               00000F69
UIR                               00000F68
UOEMON                            00000006
UPUEN                             00000004
URSTIE                            00000000
URSTIF                            00000000
USBEN                             00000003
USBIE                             00000005
USBIF                             00000005
USBIP                             00000005
USTAT                             00000F6C
UTEYE                             00000007
UTRDIS                            00000003
VCFG0                             00000004
VCFG1                             00000005
VDIRMAG                           00000007
VREFM                             00000002
VREFP                             00000003
W                                 00000000
WCOL                              00000007
WDTCON                            00000FD1
WR                                00000001
WREG                              00000FE8
WREN                              00000002
WRERR                             00000003
WRSPP                             00000006
WS0                               00000000
WS1                               00000001
WS2                               00000002
WS3                               00000003
WUE                               00000001
Xveces                            00000003
Z                                 00000002
_BORV_0_2L                        000000E7
_BORV_1_2L                        000000EF
_BORV_2_2L                        000000F7
_BORV_3_2L                        000000FF
_BOR_OFF_2L                       000000F9
_BOR_ON_2L                        000000FF
_BOR_ON_ACTIVE_2L                 000000FD
_BOR_SOFT_2L                      000000FB
MPASM  5.51                        CODIGO.ASM   5-22-2026  18:08:20         PAGE 21


SYMBOL TABLE
  LABEL                             VALUE 

_CCP2MX_OFF_3H                    000000FE
_CCP2MX_ON_3H                     000000FF
_CONFIG1H                         00300001
_CONFIG1L                         00300000
_CONFIG2H                         00300003
_CONFIG2L                         00300002
_CONFIG3H                         00300005
_CONFIG4L                         00300006
_CONFIG5H                         00300009
_CONFIG5L                         00300008
_CONFIG6H                         0030000B
_CONFIG6L                         0030000A
_CONFIG7H                         0030000D
_CONFIG7L                         0030000C
_CP0_OFF_5L                       000000FF
_CP0_ON_5L                        000000FE
_CP1_OFF_5L                       000000FF
_CP1_ON_5L                        000000FD
_CP2_OFF_5L                       000000FF
_CP2_ON_5L                        000000FB
_CP3_OFF_5L                       000000FF
_CP3_ON_5L                        000000F7
_CPB_OFF_5H                       000000FF
_CPB_ON_5H                        000000BF
_CPD_OFF_5H                       000000FF
_CPD_ON_5H                        0000007F
_CPUDIV_OSC1_PLL2_1L              000000E7
_CPUDIV_OSC2_PLL3_1L              000000EF
_CPUDIV_OSC3_PLL4_1L              000000F7
_CPUDIV_OSC4_PLL6_1L              000000FF
_DEBUG_OFF_4L                     000000FF
_DEBUG_ON_4L                      0000007F
_DEVID1                           003FFFFE
_DEVID2                           003FFFFF
_EBTR0_OFF_7L                     000000FF
_EBTR0_ON_7L                      000000FE
_EBTR1_OFF_7L                     000000FF
_EBTR1_ON_7L                      000000FD
_EBTR2_OFF_7L                     000000FF
_EBTR2_ON_7L                      000000FB
_EBTR3_OFF_7L                     000000FF
_EBTR3_ON_7L                      000000F7
_EBTRB_OFF_7H                     000000FF
_EBTRB_ON_7H                      000000BF
_FCMEN_OFF_1H                     000000BF
_FCMEN_ON_1H                      000000FF
_FOSC_ECIO_EC_1H                  000000F4
_FOSC_ECPLLIO_EC_1H               000000F6
_FOSC_ECPLL_EC_1H                 000000F7
_FOSC_EC_EC_1H                    000000F5
_FOSC_HSPLL_HS_1H                 000000FE
_FOSC_HS_1H                       000000FC
_FOSC_INTOSCIO_EC_1H              000000F8
MPASM  5.51                        CODIGO.ASM   5-22-2026  18:08:20         PAGE 22


SYMBOL TABLE
  LABEL                             VALUE 

_FOSC_INTOSC_EC_1H                000000F9
_FOSC_INTOSC_HS_1H                000000FB
_FOSC_INTOSC_XT_1H                000000FA
_FOSC_XTPLL_XT_1H                 000000F2
_FOSC_XT_XT_1H                    000000F0
_ICPRT_OFF_4L                     000000DF
_ICPRT_ON_4L                      000000FF
_IDLOC0                           00200000
_IDLOC1                           00200001
_IDLOC2                           00200002
_IDLOC3                           00200003
_IDLOC4                           00200004
_IDLOC5                           00200005
_IDLOC6                           00200006
_IDLOC7                           00200007
_IESO_OFF_1H                      0000007F
_IESO_ON_1H                       000000FF
_LPT1OSC_OFF_3H                   000000FB
_LPT1OSC_ON_3H                    000000FF
_LVP_OFF_4L                       000000FB
_LVP_ON_4L                        000000FF
_MCLRE_OFF_3H                     0000007F
_MCLRE_ON_3H                      000000FF
_PBADEN_OFF_3H                    000000FD
_PBADEN_ON_3H                     000000FF
_PLLDIV_10_1L                     000000FE
_PLLDIV_12_1L                     000000FF
_PLLDIV_1_1L                      000000F8
_PLLDIV_2_1L                      000000F9
_PLLDIV_3_1L                      000000FA
_PLLDIV_4_1L                      000000FB
_PLLDIV_5_1L                      000000FC
_PLLDIV_6_1L                      000000FD
_PWRT_OFF_2L                      000000FF
_PWRT_ON_2L                       000000FE
_STVREN_OFF_4L                    000000FE
_STVREN_ON_4L                     000000FF
_USBDIV_1_1L                      000000DF
_USBDIV_2_1L                      000000FF
_VREGEN_OFF_2L                    000000DF
_VREGEN_ON_2L                     000000FF
_WDTPS_1024_2H                    000000F5
_WDTPS_128_2H                     000000EF
_WDTPS_16384_2H                   000000FD
_WDTPS_16_2H                      000000E9
_WDTPS_1_2H                       000000E1
_WDTPS_2048_2H                    000000F7
_WDTPS_256_2H                     000000F1
_WDTPS_2_2H                       000000E3
_WDTPS_32768_2H                   000000FF
_WDTPS_32_2H                      000000EB
_WDTPS_4096_2H                    000000F9
_WDTPS_4_2H                       000000E5
MPASM  5.51                        CODIGO.ASM   5-22-2026  18:08:20         PAGE 23


SYMBOL TABLE
  LABEL                             VALUE 

_WDTPS_512_2H                     000000F3
_WDTPS_64_2H                      000000ED
_WDTPS_8192_2H                    000000FB
_WDTPS_8_2H                       000000E7
_WDT_OFF_2H                       000000FE
_WDT_ON_2H                        000000FF
_WRT0_OFF_6L                      000000FF
_WRT0_ON_6L                       000000FE
_WRT1_OFF_6L                      000000FF
_WRT1_ON_6L                       000000FD
_WRT2_OFF_6L                      000000FF
_WRT2_ON_6L                       000000FB
_WRT3_OFF_6L                      000000FF
_WRT3_ON_6L                       000000F7
_WRTB_OFF_6H                      000000FF
_WRTB_ON_6H                       000000BF
_WRTC_OFF_6H                      000000FF
_WRTC_ON_6H                       000000DF
_WRTD_OFF_6H                      000000FF
_WRTD_ON_6H                       0000007F
_XINST_OFF_4L                     000000BF
_XINST_ON_4L                      000000FF
__18F4550                         00000001
bucle1                            0000013A
bucleVeces                        00000114
salir                             00000148

Errors   :     0
Warnings :    29 reported,     0 suppressed
Messages :     0 reported,     0 suppressed

