Warning[207] C:\USERS\USUARIOF\DESKTOP\CLASES\6 SEXTO CICLO\MICROPROCESADORES\PRACTICAS\CODIGOS\PR2\PARTE2\CODIGO.ASM 11 : Found label after column 1. (Contador1)
Warning[207] C:\USERS\USUARIOF\DESKTOP\CLASES\6 SEXTO CICLO\MICROPROCESADORES\PRACTICAS\CODIGOS\PR2\PARTE2\CODIGO.ASM 12 : Found label after column 1. (Contador2)
Warning[207] C:\USERS\USUARIOF\DESKTOP\CLASES\6 SEXTO CICLO\MICROPROCESADORES\PRACTICAS\CODIGOS\PR2\PARTE2\CODIGO.ASM 13 : Found label after column 1. (ContaDelay100)
Warning[207] C:\USERS\USUARIOF\DESKTOP\CLASES\6 SEXTO CICLO\MICROPROCESADORES\PRACTICAS\CODIGOS\PR2\PARTE2\CODIGO.ASM 14 : Found label after column 1. (Xveces)
Warning[207] C:\USERS\USUARIOF\DESKTOP\CLASES\6 SEXTO CICLO\MICROPROCESADORES\PRACTICAS\CODIGOS\PR2\PARTE2\CODIGO.ASM 15 : Found label after column 1. (ContadorInicio)
Warning[207] C:\USERS\USUARIOF\DESKTOP\CLASES\6 SEXTO CICLO\MICROPROCESADORES\PRACTICAS\CODIGOS\PR2\PARTE2\CODIGO.ASM 16 : Found label after column 1. (Sentido)
Warning[207] C:\USERS\USUARIOF\DESKTOP\CLASES\6 SEXTO CICLO\MICROPROCESADORES\PRACTICAS\CODIGOS\PR2\PARTE2\CODIGO.ASM 27 : Found label after column 1. (Inicio)
Warning[207] C:\USERS\USUARIOF\DESKTOP\CLASES\6 SEXTO CICLO\MICROPROCESADORES\PRACTICAS\CODIGOS\PR2\PARTE2\CODIGO.ASM 78 : Found label after column 1. (BucleInicio)
Warning[207] C:\USERS\USUARIOF\DESKTOP\CLASES\6 SEXTO CICLO\MICROPROCESADORES\PRACTICAS\CODIGOS\PR2\PARTE2\CODIGO.ASM 90 : Found label after column 1. (EncuestaON)
Warning[207] C:\USERS\USUARIOF\DESKTOP\CLASES\6 SEXTO CICLO\MICROPROCESADORES\PRACTICAS\CODIGOS\PR2\PARTE2\CODIGO.ASM 94 : Found label after column 1. (Est_transistorio)
Warning[207] C:\USERS\USUARIOF\DESKTOP\CLASES\6 SEXTO CICLO\MICROPROCESADORES\PRACTICAS\CODIGOS\PR2\PARTE2\CODIGO.ASM 102 : Found label after column 1. (Ola_Hacia_Izq)
Warning[207] C:\USERS\USUARIOF\DESKTOP\CLASES\6 SEXTO CICLO\MICROPROCESADORES\PRACTICAS\CODIGOS\PR2\PARTE2\CODIGO.ASM 114 : Found label after column 1. (Ola_Hacia_Der)
Warning[207] C:\USERS\USUARIOF\DESKTOP\CLASES\6 SEXTO CICLO\MICROPROCESADORES\PRACTICAS\CODIGOS\PR2\PARTE2\CODIGO.ASM 128 : Found label after column 1. (Detener_Secuencia)
Warning[207] C:\USERS\USUARIOF\DESKTOP\CLASES\6 SEXTO CICLO\MICROPROCESADORES\PRACTICAS\CODIGOS\PR2\PARTE2\CODIGO.ASM 130 : Found label after column 1. (Boton_S3_D)
Warning[207] C:\USERS\USUARIOF\DESKTOP\CLASES\6 SEXTO CICLO\MICROPROCESADORES\PRACTICAS\CODIGOS\PR2\PARTE2\CODIGO.ASM 136 : Found label after column 1. (Trans_s2)
Warning[207] C:\USERS\USUARIOF\DESKTOP\CLASES\6 SEXTO CICLO\MICROPROCESADORES\PRACTICAS\CODIGOS\PR2\PARTE2\CODIGO.ASM 140 : Found label after column 1. (Continuar_s2)
Warning[207] C:\USERS\USUARIOF\DESKTOP\CLASES\6 SEXTO CICLO\MICROPROCESADORES\PRACTICAS\CODIGOS\PR2\PARTE2\CODIGO.ASM 150 : Found label after column 1. (DelayXms)
Warning[207] C:\USERS\USUARIOF\DESKTOP\CLASES\6 SEXTO CICLO\MICROPROCESADORES\PRACTICAS\CODIGOS\PR2\PARTE2\CODIGO.ASM 152 : Found label after column 1. (bucleVeces)
Warning[207] C:\USERS\USUARIOF\DESKTOP\CLASES\6 SEXTO CICLO\MICROPROCESADORES\PRACTICAS\CODIGOS\PR2\PARTE2\CODIGO.ASM 161 : Found label after column 1. (Delay100ms)
Warning[207] C:\USERS\USUARIOF\DESKTOP\CLASES\6 SEXTO CICLO\MICROPROCESADORES\PRACTICAS\CODIGOS\PR2\PARTE2\CODIGO.ASM 172 : Found label after column 1. (Delay1ms)
Warning[207] C:\USERS\USUARIOF\DESKTOP\CLASES\6 SEXTO CICLO\MICROPROCESADORES\PRACTICAS\CODIGOS\PR2\PARTE2\CODIGO.ASM 176 : Found label after column 1. (bucle1)
Warning[207] C:\USERS\USUARIOF\DESKTOP\CLASES\6 SEXTO CICLO\MICROPROCESADORES\PRACTICAS\CODIGOS\PR2\PARTE2\CODIGO.ASM 183 : Found label after column 1. (salir)
Warning[207] C:\USERS\USUARIOF\DESKTOP\CLASES\6 SEXTO CICLO\MICROPROCESADORES\PRACTICAS\CODIGOS\PR2\PARTE2\CODIGO.ASM 190 : Found label after column 1. (InterrupcionHP)
