Warning[207] C:\USERS\USUARIOF\DESKTOP\CLASES\SEXTO CICLO\MICROPROCESADORES\PRACTICAS\CODIGOS\PR1\PARTE3\CODIGO.ASM 14 : Found label after column 1. (Contador1)
Warning[207] C:\USERS\USUARIOF\DESKTOP\CLASES\SEXTO CICLO\MICROPROCESADORES\PRACTICAS\CODIGOS\PR1\PARTE3\CODIGO.ASM 15 : Found label after column 1. (Contador2)
Warning[207] C:\USERS\USUARIOF\DESKTOP\CLASES\SEXTO CICLO\MICROPROCESADORES\PRACTICAS\CODIGOS\PR1\PARTE3\CODIGO.ASM 16 : Found label after column 1. (ContaDelay100)
Warning[207] C:\USERS\USUARIOF\DESKTOP\CLASES\SEXTO CICLO\MICROPROCESADORES\PRACTICAS\CODIGOS\PR1\PARTE3\CODIGO.ASM 17 : Found label after column 1. (Xveces)
Warning[207] C:\USERS\USUARIOF\DESKTOP\CLASES\SEXTO CICLO\MICROPROCESADORES\PRACTICAS\CODIGOS\PR1\PARTE3\CODIGO.ASM 18 : Found label after column 1. (NH)
Warning[207] C:\USERS\USUARIOF\DESKTOP\CLASES\SEXTO CICLO\MICROPROCESADORES\PRACTICAS\CODIGOS\PR1\PARTE3\CODIGO.ASM 19 : Found label after column 1. (NL)
Warning[207] C:\USERS\USUARIOF\DESKTOP\CLASES\SEXTO CICLO\MICROPROCESADORES\PRACTICAS\CODIGOS\PR1\PARTE3\CODIGO.ASM 20 : Found label after column 1. (ContadorInicio)
Warning[207] C:\USERS\USUARIOF\DESKTOP\CLASES\SEXTO CICLO\MICROPROCESADORES\PRACTICAS\CODIGOS\PR1\PARTE3\CODIGO.ASM 21 : Found label after column 1. (B_Estados)
Warning[207] C:\USERS\USUARIOF\DESKTOP\CLASES\SEXTO CICLO\MICROPROCESADORES\PRACTICAS\CODIGOS\PR1\PARTE3\CODIGO.ASM 22 : Found label after column 1. (ContaCiclos)
Warning[207] C:\USERS\USUARIOF\DESKTOP\CLASES\SEXTO CICLO\MICROPROCESADORES\PRACTICAS\CODIGOS\PR1\PARTE3\CODIGO.ASM 32 : Found label after column 1. (Inicio)
Warning[207] C:\USERS\USUARIOF\DESKTOP\CLASES\SEXTO CICLO\MICROPROCESADORES\PRACTICAS\CODIGOS\PR1\PARTE3\CODIGO.ASM 58 : Found label after column 1. (BucleInicio)
Warning[207] C:\USERS\USUARIOF\DESKTOP\CLASES\SEXTO CICLO\MICROPROCESADORES\PRACTICAS\CODIGOS\PR1\PARTE3\CODIGO.ASM 72 : Found label after column 1. (EncuestaON)
Warning[207] C:\USERS\USUARIOF\DESKTOP\CLASES\SEXTO CICLO\MICROPROCESADORES\PRACTICAS\CODIGOS\PR1\PARTE3\CODIGO.ASM 76 : Found label after column 1. (Boton_secuencias)
Warning[207] C:\USERS\USUARIOF\DESKTOP\CLASES\SEXTO CICLO\MICROPROCESADORES\PRACTICAS\CODIGOS\PR1\PARTE3\CODIGO.ASM 82 : Found label after column 1. (Opcion_sec)
Warning[207] C:\USERS\USUARIOF\DESKTOP\CLASES\SEXTO CICLO\MICROPROCESADORES\PRACTICAS\CODIGOS\PR1\PARTE3\CODIGO.ASM 105 : Found label after column 1. (Llamar_Cortina)
Warning[207] C:\USERS\USUARIOF\DESKTOP\CLASES\SEXTO CICLO\MICROPROCESADORES\PRACTICAS\CODIGOS\PR1\PARTE3\CODIGO.ASM 108 : Found label after column 1. (Llamar_Ola)
Warning[207] C:\USERS\USUARIOF\DESKTOP\CLASES\SEXTO CICLO\MICROPROCESADORES\PRACTICAS\CODIGOS\PR1\PARTE3\CODIGO.ASM 111 : Found label after column 1. (Llamar_Policia)
Warning[207] C:\USERS\USUARIOF\DESKTOP\CLASES\SEXTO CICLO\MICROPROCESADORES\PRACTICAS\CODIGOS\PR1\PARTE3\CODIGO.ASM 115 : Found label after column 1. (Opc_fuera)
Warning[207] C:\USERS\USUARIOF\DESKTOP\CLASES\SEXTO CICLO\MICROPROCESADORES\PRACTICAS\CODIGOS\PR1\PARTE3\CODIGO.ASM 125 : Found label after column 1. (opcion1)
Warning[207] C:\USERS\USUARIOF\DESKTOP\CLASES\SEXTO CICLO\MICROPROCESADORES\PRACTICAS\CODIGOS\PR1\PARTE3\CODIGO.ASM 128 : Found label after column 1. (Repetir_Estado)
Warning[207] C:\USERS\USUARIOF\DESKTOP\CLASES\SEXTO CICLO\MICROPROCESADORES\PRACTICAS\CODIGOS\PR1\PARTE3\CODIGO.ASM 138 : Found label after column 1. (Cortina)
Warning[207] C:\USERS\USUARIOF\DESKTOP\CLASES\SEXTO CICLO\MICROPROCESADORES\PRACTICAS\CODIGOS\PR1\PARTE3\CODIGO.ASM 144 : Found label after column 1. (Bucle_Cortina)
Warning[207] C:\USERS\USUARIOF\DESKTOP\CLASES\SEXTO CICLO\MICROPROCESADORES\PRACTICAS\CODIGOS\PR1\PARTE3\CODIGO.ASM 164 : Found label after column 1. (Sigue)
Warning[207] C:\USERS\USUARIOF\DESKTOP\CLASES\SEXTO CICLO\MICROPROCESADORES\PRACTICAS\CODIGOS\PR1\PARTE3\CODIGO.ASM 169 : Found label after column 1. (Rota1)
Warning[207] C:\USERS\USUARIOF\DESKTOP\CLASES\SEXTO CICLO\MICROPROCESADORES\PRACTICAS\CODIGOS\PR1\PARTE3\CODIGO.ASM 175 : Found label after column 1. (Ola)
Warning[207] C:\USERS\USUARIOF\DESKTOP\CLASES\SEXTO CICLO\MICROPROCESADORES\PRACTICAS\CODIGOS\PR1\PARTE3\CODIGO.ASM 178 : Found label after column 1. (Ola_Hacia_Izq)
Warning[207] C:\USERS\USUARIOF\DESKTOP\CLASES\SEXTO CICLO\MICROPROCESADORES\PRACTICAS\CODIGOS\PR1\PARTE3\CODIGO.ASM 191 : Found label after column 1. (Ola_Hacia_Der)
Warning[207] C:\USERS\USUARIOF\DESKTOP\CLASES\SEXTO CICLO\MICROPROCESADORES\PRACTICAS\CODIGOS\PR1\PARTE3\CODIGO.ASM 207 : Found label after column 1. (Luces_Policia)
Warning[207] C:\USERS\USUARIOF\DESKTOP\CLASES\SEXTO CICLO\MICROPROCESADORES\PRACTICAS\CODIGOS\PR1\PARTE3\CODIGO.ASM 211 : Found label after column 1. (Rojos_Parpadean)
Warning[207] C:\USERS\USUARIOF\DESKTOP\CLASES\SEXTO CICLO\MICROPROCESADORES\PRACTICAS\CODIGOS\PR1\PARTE3\CODIGO.ASM 231 : Found label after column 1. (Azules_Parpadean)
Warning[207] C:\USERS\USUARIOF\DESKTOP\CLASES\SEXTO CICLO\MICROPROCESADORES\PRACTICAS\CODIGOS\PR1\PARTE3\CODIGO.ASM 252 : Found label after column 1. (Apagar_Todo)
Warning[207] C:\USERS\USUARIOF\DESKTOP\CLASES\SEXTO CICLO\MICROPROCESADORES\PRACTICAS\CODIGOS\PR1\PARTE3\CODIGO.ASM 256 : Found label after column 1. (Boton_S3)
Warning[207] C:\USERS\USUARIOF\DESKTOP\CLASES\SEXTO CICLO\MICROPROCESADORES\PRACTICAS\CODIGOS\PR1\PARTE3\CODIGO.ASM 264 : Found label after column 1. (DelayXms)
Warning[207] C:\USERS\USUARIOF\DESKTOP\CLASES\SEXTO CICLO\MICROPROCESADORES\PRACTICAS\CODIGOS\PR1\PARTE3\CODIGO.ASM 266 : Found label after column 1. (bucleVeces)
Warning[207] C:\USERS\USUARIOF\DESKTOP\CLASES\SEXTO CICLO\MICROPROCESADORES\PRACTICAS\CODIGOS\PR1\PARTE3\CODIGO.ASM 275 : Found label after column 1. (Delay100ms)
Warning[207] C:\USERS\USUARIOF\DESKTOP\CLASES\SEXTO CICLO\MICROPROCESADORES\PRACTICAS\CODIGOS\PR1\PARTE3\CODIGO.ASM 286 : Found label after column 1. (Delay1ms)
Warning[207] C:\USERS\USUARIOF\DESKTOP\CLASES\SEXTO CICLO\MICROPROCESADORES\PRACTICAS\CODIGOS\PR1\PARTE3\CODIGO.ASM 290 : Found label after column 1. (bucle1)
Warning[207] C:\USERS\USUARIOF\DESKTOP\CLASES\SEXTO CICLO\MICROPROCESADORES\PRACTICAS\CODIGOS\PR1\PARTE3\CODIGO.ASM 297 : Found label after column 1. (salir)
